#
# There is insufficient memory for the Java Runtime Environment to continue.
# Native memory allocation (malloc) failed to allocate 2004336 bytes. Error detail: Chunk::new
# Possible reasons:
#   The system is out of physical RAM or swap space
#   This process is running with CompressedOops enabled, and the Java Heap may be blocking the growth of the native heap
# Possible solutions:
#   Reduce memory load on the system
#   Increase physical memory or swap space
#   Check if swap backing store is full
#   Decrease Java heap size (-Xmx/-Xms)
#   Decrease number of Java threads
#   Decrease Java thread stack sizes (-Xss)
#   Set larger code cache with -XX:ReservedCodeCacheSize=
#   JVM is running with Unscaled Compressed Oops mode in which the Java heap is
#     placed in the first 4GB address space. The Java Heap base address is the
#     maximum limit for the native heap growth. Please use -XX:HeapBaseMinAddress
#     to set the Java Heap base and to place the Java Heap above 4GB virtual address.
# This output file may be truncated or incomplete.
#
#  Out of Memory Error (arena.cpp:168), pid=19320, tid=18604
#
# JRE version: OpenJDK Runtime Environment (21.0.5) (build 21.0.5+-13047016-b750.29)
# Java VM: OpenJDK 64-Bit Server VM (21.0.5+-13047016-b750.29, mixed mode, tiered, compressed oops, compressed class ptrs, g1 gc, windows-amd64)
# No core dump will be written. Minidumps are not enabled by default on client versions of Windows
#

---------------  S U M M A R Y ------------

Command Line: org.jetbrains.kotlin.cli.jvm.K2JVMCompiler @C:\Users\nikki\AndroidStudioProjects\AdminBlinkitClone\app\build\20250410_17590152682008547560.compiler.options

Host: AMD Ryzen 5 7530U with Radeon Graphics         , 12 cores, 5G,  Windows 11 , 64 bit Build 26100 (10.0.26100.3775)
Time: Thu Apr 10 19:54:34 2025 India Standard Time elapsed time: 8.383299 seconds (0d 0h 0m 8s)

---------------  T H R E A D  ---------------

Current thread (0x000002841e4dc3f0):  JavaThread "C2 CompilerThread1" daemon [_thread_in_native, id=18604, stack(0x0000009348e00000,0x0000009348f00000) (1024K)]


Current CompileTask:
C2:8383 4522   !   4       org.jetbrains.kotlin.metadata.ProtoBuf$Function::<init> (1410 bytes)

Stack: [0x0000009348e00000,0x0000009348f00000]
Native frames: (J=compiled Java code, j=interpreted, Vv=VM code, C=native code)
V  [jvm.dll+0x6cfb29]
V  [jvm.dll+0x85df93]
V  [jvm.dll+0x8604ee]
V  [jvm.dll+0x860bd3]
V  [jvm.dll+0x27e6b6]
V  [jvm.dll+0xbff6d]
V  [jvm.dll+0xc04a3]
V  [jvm.dll+0x3b5fc1]
V  [jvm.dll+0x381f97]
V  [jvm.dll+0x38140a]
V  [jvm.dll+0x247c62]
V  [jvm.dll+0x247231]
V  [jvm.dll+0x1c5ee4]
V  [jvm.dll+0x25697c]
V  [jvm.dll+0x254ec6]
V  [jvm.dll+0x3f0ce6]
V  [jvm.dll+0x806368]
V  [jvm.dll+0x6ce3fd]
C  [ucrtbase.dll+0x37b0]
C  [KERNEL32.DLL+0x2e8d7]
C  [ntdll.dll+0xb14fc]


---------------  P R O C E S S  ---------------

Threads class SMR info:
_java_thread_list=0x00000284262cb3c0, length=12, elements={
0x0000028404d3df20, 0x000002841e22eaf0, 0x000002841e2320c0, 0x000002841e245d10,
0x000002841e254070, 0x000002841e2495c0, 0x000002841e255ec0, 0x000002841e27f910,
0x000002841e28ada0, 0x000002841e430c10, 0x000002841e43e870, 0x000002841e4dc3f0
}

Java Threads: ( => current thread )
  0x0000028404d3df20 JavaThread "main"                              [_thread_in_Java, id=22700, stack(0x0000009347300000,0x0000009347400000) (1024K)]
  0x000002841e22eaf0 JavaThread "Reference Handler"          daemon [_thread_blocked, id=7392, stack(0x0000009347b00000,0x0000009347c00000) (1024K)]
  0x000002841e2320c0 JavaThread "Finalizer"                  daemon [_thread_blocked, id=10420, stack(0x0000009347c00000,0x0000009347d00000) (1024K)]
  0x000002841e245d10 JavaThread "Signal Dispatcher"          daemon [_thread_blocked, id=19580, stack(0x0000009347d00000,0x0000009347e00000) (1024K)]
  0x000002841e254070 JavaThread "Attach Listener"            daemon [_thread_blocked, id=16804, stack(0x0000009347e00000,0x0000009347f00000) (1024K)]
  0x000002841e2495c0 JavaThread "Service Thread"             daemon [_thread_blocked, id=25840, stack(0x0000009347f00000,0x0000009348000000) (1024K)]
  0x000002841e255ec0 JavaThread "Monitor Deflation Thread"   daemon [_thread_blocked, id=26016, stack(0x0000009348000000,0x0000009348100000) (1024K)]
  0x000002841e27f910 JavaThread "C2 CompilerThread0"         daemon [_thread_in_native, id=20600, stack(0x0000009348100000,0x0000009348200000) (1024K)]
  0x000002841e28ada0 JavaThread "C1 CompilerThread0"         daemon [_thread_blocked, id=24504, stack(0x0000009348200000,0x0000009348300000) (1024K)]
  0x000002841e430c10 JavaThread "Notification Thread"        daemon [_thread_blocked, id=24560, stack(0x0000009348300000,0x0000009348400000) (1024K)]
  0x000002841e43e870 JavaThread "Common-Cleaner"             daemon [_thread_blocked, id=17524, stack(0x0000009348400000,0x0000009348500000) (1024K)]
=>0x000002841e4dc3f0 JavaThread "C2 CompilerThread1"         daemon [_thread_in_native, id=18604, stack(0x0000009348e00000,0x0000009348f00000) (1024K)]
Total: 12

Other Threads:
  0x000002841df992b0 VMThread "VM Thread"                           [id=3656, stack(0x0000009347a00000,0x0000009347b00000) (1024K)]
  0x000002841df055a0 WatcherThread "VM Periodic Task Thread"        [id=23192, stack(0x0000009347900000,0x0000009347a00000) (1024K)]
  0x0000028406783390 WorkerThread "GC Thread#0"                     [id=13296, stack(0x0000009347400000,0x0000009347500000) (1024K)]
  0x000002841ebae620 WorkerThread "GC Thread#1"                     [id=22332, stack(0x0000009348600000,0x0000009348700000) (1024K)]
  0x000002841ec08f60 WorkerThread "GC Thread#2"                     [id=16964, stack(0x0000009348700000,0x0000009348800000) (1024K)]
  0x000002841ec09300 WorkerThread "GC Thread#3"                     [id=7672, stack(0x0000009348800000,0x0000009348900000) (1024K)]
  0x000002841ec09aa0 WorkerThread "GC Thread#4"                     [id=23692, stack(0x0000009348900000,0x0000009348a00000) (1024K)]
  0x000002841ec0a650 WorkerThread "GC Thread#5"                     [id=24204, stack(0x0000009348a00000,0x0000009348b00000) (1024K)]
  0x000002841ec7c4f0 WorkerThread "GC Thread#6"                     [id=24816, stack(0x0000009348500000,0x0000009348600000) (1024K)]
  0x000002841ec7bdb0 WorkerThread "GC Thread#7"                     [id=8000, stack(0x0000009348b00000,0x0000009348c00000) (1024K)]
  0x000002842356c950 WorkerThread "GC Thread#8"                     [id=13408, stack(0x0000009348f00000,0x0000009349000000) (1024K)]
  0x000002842356d090 WorkerThread "GC Thread#9"                     [id=19200, stack(0x0000009349000000,0x0000009349100000) (1024K)]
  0x0000028406790700 ConcurrentGCThread "G1 Main Marker"            [id=24448, stack(0x0000009347500000,0x0000009347600000) (1024K)]
  0x0000028406792110 WorkerThread "G1 Conc#0"                       [id=25664, stack(0x0000009347600000,0x0000009347700000) (1024K)]
  0x000002841ec7b2d0 WorkerThread "G1 Conc#1"                       [id=23608, stack(0x0000009348c00000,0x0000009348d00000) (1024K)]
  0x000002841ec7c150 WorkerThread "G1 Conc#2"                       [id=26384, stack(0x0000009348d00000,0x0000009348e00000) (1024K)]
  0x00000284067fe4e0 ConcurrentGCThread "G1 Refine#0"               [id=10368, stack(0x0000009347700000,0x0000009347800000) (1024K)]
  0x000002841ddda110 ConcurrentGCThread "G1 Service"                [id=7808, stack(0x0000009347800000,0x0000009347900000) (1024K)]
Total: 18

Threads with active compile tasks:
C2 CompilerThread0  8486 4766       4       org.jetbrains.kotlin.load.java.structure.impl.classFiles.BinaryClassSignatureParser::parseTypeString (120 bytes)
C1 CompilerThread0  8486 4805       3       org.jetbrains.kotlin.load.java.AbstractAnnotationTypeQualifierResolver::extractAndMergeDefaultQualifiers (524 bytes)
C2 CompilerThread1  8486 4522   !   4       org.jetbrains.kotlin.metadata.ProtoBuf$Function::<init> (1410 bytes)
Total: 3

VM state: not at safepoint (normal execution)

VM Mutex/Monitor currently owned by a thread: None

Heap address: 0x00000000a2400000, size: 1500 MB, Compressed Oops mode: 32-bit

CDS archive(s) not mapped
Compressed class space mapped at: 0x0000000100000000-0x0000000140000000, reserved size: 1073741824
Narrow klass base: 0x0000000000000000, Narrow klass shift: 3, Narrow klass range: 0x140000000

GC Precious Log:
 CardTable entry size: 512
 Card Set container configuration: InlinePtr #cards 5 size 8 Array Of Cards #cards 12 size 40 Howl #buckets 4 coarsen threshold 1843 Howl Bitmap #cards 512 size 80 coarsen threshold 460 Card regions per heap region 1 cards per card region 2048
 CPUs: 12 total, 12 available
 Memory: 5996M
 Large Page Support: Disabled
 NUMA Support: Disabled
 Compressed Oops: Enabled (32-bit)
 Heap Region Size: 1M
 Heap Min Capacity: 8M
 Heap Initial Capacity: 94M
 Heap Max Capacity: 1500M
 Pre-touch: Disabled
 Parallel Workers: 10
 Concurrent Workers: 3
 Concurrent Refinement Workers: 10
 Periodic GC: Disabled

Heap:
 garbage-first heap   total 120832K, used 60163K [0x00000000a2400000, 0x0000000100000000)
  region size 1024K, 18 young (18432K), 3 survivors (3072K)
 Metaspace       used 59446K, committed 59712K, reserved 1114112K
  class space    used 6882K, committed 6976K, reserved 1048576K

Heap Regions: E=young(eden), S=young(survivor), O=old, HS=humongous(starts), HC=humongous(continues), CS=collection set, F=free, TAMS=top-at-mark-start, PB=parsable bottom
|   0|0x00000000a2400000, 0x00000000a2500000, 0x00000000a2500000|100%|HS|  |TAMS 0x00000000a2400000| PB 0x00000000a2400000| Complete 
|   1|0x00000000a2500000, 0x00000000a2600000, 0x00000000a2600000|100%|HC|  |TAMS 0x00000000a2500000| PB 0x00000000a2500000| Complete 
|   2|0x00000000a2600000, 0x00000000a2700000, 0x00000000a2700000|100%|HC|  |TAMS 0x00000000a2600000| PB 0x00000000a2600000| Complete 
|   3|0x00000000a2700000, 0x00000000a2800000, 0x00000000a2800000|100%| O|  |TAMS 0x00000000a2700000| PB 0x00000000a2700000| Untracked 
|   4|0x00000000a2800000, 0x00000000a2900000, 0x00000000a2900000|100%| O|  |TAMS 0x00000000a2800000| PB 0x00000000a2800000| Untracked 
|   5|0x00000000a2900000, 0x00000000a2a00000, 0x00000000a2a00000|100%| O|  |TAMS 0x00000000a2900000| PB 0x00000000a2900000| Untracked 
|   6|0x00000000a2a00000, 0x00000000a2b00000, 0x00000000a2b00000|100%| O|  |TAMS 0x00000000a2a00000| PB 0x00000000a2a00000| Untracked 
|   7|0x00000000a2b00000, 0x00000000a2c00000, 0x00000000a2c00000|100%| O|  |TAMS 0x00000000a2b00000| PB 0x00000000a2b00000| Untracked 
|   8|0x00000000a2c00000, 0x00000000a2d00000, 0x00000000a2d00000|100%| O|  |TAMS 0x00000000a2c00000| PB 0x00000000a2c00000| Untracked 
|   9|0x00000000a2d00000, 0x00000000a2e00000, 0x00000000a2e00000|100%| O|  |TAMS 0x00000000a2d00000| PB 0x00000000a2d00000| Untracked 
|  10|0x00000000a2e00000, 0x00000000a2f00000, 0x00000000a2f00000|100%| O|  |TAMS 0x00000000a2e00000| PB 0x00000000a2e00000| Untracked 
|  11|0x00000000a2f00000, 0x00000000a3000000, 0x00000000a3000000|100%| O|  |TAMS 0x00000000a2f00000| PB 0x00000000a2f00000| Untracked 
|  12|0x00000000a3000000, 0x00000000a3100000, 0x00000000a3100000|100%| O|  |TAMS 0x00000000a3000000| PB 0x00000000a3000000| Untracked 
|  13|0x00000000a3100000, 0x00000000a3200000, 0x00000000a3200000|100%| O|  |TAMS 0x00000000a3100000| PB 0x00000000a3100000| Untracked 
|  14|0x00000000a3200000, 0x00000000a3300000, 0x00000000a3300000|100%| O|  |TAMS 0x00000000a3200000| PB 0x00000000a3200000| Untracked 
|  15|0x00000000a3300000, 0x00000000a3400000, 0x00000000a3400000|100%| O|  |TAMS 0x00000000a3300000| PB 0x00000000a3300000| Untracked 
|  16|0x00000000a3400000, 0x00000000a3500000, 0x00000000a3500000|100%| O|  |TAMS 0x00000000a3400000| PB 0x00000000a3400000| Untracked 
|  17|0x00000000a3500000, 0x00000000a3600000, 0x00000000a3600000|100%| O|  |TAMS 0x00000000a3500000| PB 0x00000000a3500000| Untracked 
|  18|0x00000000a3600000, 0x00000000a3700000, 0x00000000a3700000|100%| O|  |TAMS 0x00000000a3600000| PB 0x00000000a3600000| Untracked 
|  19|0x00000000a3700000, 0x00000000a3800000, 0x00000000a3800000|100%| O|  |TAMS 0x00000000a3700000| PB 0x00000000a3700000| Untracked 
|  20|0x00000000a3800000, 0x00000000a3900000, 0x00000000a3900000|100%|HS|  |TAMS 0x00000000a3800000| PB 0x00000000a3800000| Complete 
|  21|0x00000000a3900000, 0x00000000a3a00000, 0x00000000a3a00000|100%| O|  |TAMS 0x00000000a3900000| PB 0x00000000a3900000| Untracked 
|  22|0x00000000a3a00000, 0x00000000a3b00000, 0x00000000a3b00000|100%| O|  |TAMS 0x00000000a3a00000| PB 0x00000000a3a00000| Untracked 
|  23|0x00000000a3b00000, 0x00000000a3c00000, 0x00000000a3c00000|100%| O|  |TAMS 0x00000000a3b00000| PB 0x00000000a3b00000| Untracked 
|  24|0x00000000a3c00000, 0x00000000a3d00000, 0x00000000a3d00000|100%| O|  |TAMS 0x00000000a3c00000| PB 0x00000000a3c00000| Untracked 
|  25|0x00000000a3d00000, 0x00000000a3e00000, 0x00000000a3e00000|100%| O|  |TAMS 0x00000000a3d00000| PB 0x00000000a3d00000| Untracked 
|  26|0x00000000a3e00000, 0x00000000a3f00000, 0x00000000a3f00000|100%| O|  |TAMS 0x00000000a3e00000| PB 0x00000000a3e00000| Untracked 
|  27|0x00000000a3f00000, 0x00000000a4000000, 0x00000000a4000000|100%| O|  |TAMS 0x00000000a3f00000| PB 0x00000000a3f00000| Untracked 
|  28|0x00000000a4000000, 0x00000000a4100000, 0x00000000a4100000|100%| O|  |TAMS 0x00000000a4000000| PB 0x00000000a4000000| Untracked 
|  29|0x00000000a4100000, 0x00000000a4200000, 0x00000000a4200000|100%| O|  |TAMS 0x00000000a4100000| PB 0x00000000a4100000| Untracked 
|  30|0x00000000a4200000, 0x00000000a4300000, 0x00000000a4300000|100%| O|  |TAMS 0x00000000a4200000| PB 0x00000000a4200000| Untracked 
|  31|0x00000000a4300000, 0x00000000a4400000, 0x00000000a4400000|100%| O|  |TAMS 0x00000000a4300000| PB 0x00000000a4300000| Untracked 
|  32|0x00000000a4400000, 0x00000000a4500000, 0x00000000a4500000|100%| O|  |TAMS 0x00000000a4400000| PB 0x00000000a4400000| Untracked 
|  33|0x00000000a4500000, 0x00000000a4600000, 0x00000000a4600000|100%| O|  |TAMS 0x00000000a4500000| PB 0x00000000a4500000| Untracked 
|  34|0x00000000a4600000, 0x00000000a4700000, 0x00000000a4700000|100%| O|  |TAMS 0x00000000a4600000| PB 0x00000000a4600000| Untracked 
|  35|0x00000000a4700000, 0x00000000a47c0d98, 0x00000000a4800000| 75%| O|  |TAMS 0x00000000a4700000| PB 0x00000000a4700000| Untracked 
|  36|0x00000000a4800000, 0x00000000a4900000, 0x00000000a4900000|100%| O|  |TAMS 0x00000000a4800000| PB 0x00000000a4800000| Untracked 
|  37|0x00000000a4900000, 0x00000000a4900000, 0x00000000a4a00000|  0%| F|  |TAMS 0x00000000a4900000| PB 0x00000000a4900000| Untracked 
|  38|0x00000000a4a00000, 0x00000000a4a00000, 0x00000000a4b00000|  0%| F|  |TAMS 0x00000000a4a00000| PB 0x00000000a4a00000| Untracked 
|  39|0x00000000a4b00000, 0x00000000a4b00000, 0x00000000a4c00000|  0%| F|  |TAMS 0x00000000a4b00000| PB 0x00000000a4b00000| Untracked 
|  40|0x00000000a4c00000, 0x00000000a4c00000, 0x00000000a4d00000|  0%| F|  |TAMS 0x00000000a4c00000| PB 0x00000000a4c00000| Untracked 
|  41|0x00000000a4d00000, 0x00000000a4d00000, 0x00000000a4e00000|  0%| F|  |TAMS 0x00000000a4d00000| PB 0x00000000a4d00000| Untracked 
|  42|0x00000000a4e00000, 0x00000000a4e00000, 0x00000000a4f00000|  0%| F|  |TAMS 0x00000000a4e00000| PB 0x00000000a4e00000| Untracked 
|  43|0x00000000a4f00000, 0x00000000a4f00000, 0x00000000a5000000|  0%| F|  |TAMS 0x00000000a4f00000| PB 0x00000000a4f00000| Untracked 
|  44|0x00000000a5000000, 0x00000000a5100000, 0x00000000a5100000|100%| S|CS|TAMS 0x00000000a5000000| PB 0x00000000a5000000| Complete 
|  45|0x00000000a5100000, 0x00000000a5200000, 0x00000000a5200000|100%| S|CS|TAMS 0x00000000a5100000| PB 0x00000000a5100000| Complete 
|  46|0x00000000a5200000, 0x00000000a5300000, 0x00000000a5300000|100%| S|CS|TAMS 0x00000000a5200000| PB 0x00000000a5200000| Complete 
|  47|0x00000000a5300000, 0x00000000a5300000, 0x00000000a5400000|  0%| F|  |TAMS 0x00000000a5300000| PB 0x00000000a5300000| Untracked 
|  48|0x00000000a5400000, 0x00000000a5400000, 0x00000000a5500000|  0%| F|  |TAMS 0x00000000a5400000| PB 0x00000000a5400000| Untracked 
|  49|0x00000000a5500000, 0x00000000a5500000, 0x00000000a5600000|  0%| F|  |TAMS 0x00000000a5500000| PB 0x00000000a5500000| Untracked 
|  50|0x00000000a5600000, 0x00000000a5600000, 0x00000000a5700000|  0%| F|  |TAMS 0x00000000a5600000| PB 0x00000000a5600000| Untracked 
|  51|0x00000000a5700000, 0x00000000a5700000, 0x00000000a5800000|  0%| F|  |TAMS 0x00000000a5700000| PB 0x00000000a5700000| Untracked 
|  52|0x00000000a5800000, 0x00000000a5800000, 0x00000000a5900000|  0%| F|  |TAMS 0x00000000a5800000| PB 0x00000000a5800000| Untracked 
|  53|0x00000000a5900000, 0x00000000a5900000, 0x00000000a5a00000|  0%| F|  |TAMS 0x00000000a5900000| PB 0x00000000a5900000| Untracked 
|  54|0x00000000a5a00000, 0x00000000a5a00000, 0x00000000a5b00000|  0%| F|  |TAMS 0x00000000a5a00000| PB 0x00000000a5a00000| Untracked 
|  55|0x00000000a5b00000, 0x00000000a5b00000, 0x00000000a5c00000|  0%| F|  |TAMS 0x00000000a5b00000| PB 0x00000000a5b00000| Untracked 
|  56|0x00000000a5c00000, 0x00000000a5c00000, 0x00000000a5d00000|  0%| F|  |TAMS 0x00000000a5c00000| PB 0x00000000a5c00000| Untracked 
|  57|0x00000000a5d00000, 0x00000000a5d00000, 0x00000000a5e00000|  0%| F|  |TAMS 0x00000000a5d00000| PB 0x00000000a5d00000| Untracked 
|  58|0x00000000a5e00000, 0x00000000a5e00000, 0x00000000a5f00000|  0%| F|  |TAMS 0x00000000a5e00000| PB 0x00000000a5e00000| Untracked 
|  59|0x00000000a5f00000, 0x00000000a5f00000, 0x00000000a6000000|  0%| F|  |TAMS 0x00000000a5f00000| PB 0x00000000a5f00000| Untracked 
|  60|0x00000000a6000000, 0x00000000a6000000, 0x00000000a6100000|  0%| F|  |TAMS 0x00000000a6000000| PB 0x00000000a6000000| Untracked 
|  61|0x00000000a6100000, 0x00000000a6100000, 0x00000000a6200000|  0%| F|  |TAMS 0x00000000a6100000| PB 0x00000000a6100000| Untracked 
|  62|0x00000000a6200000, 0x00000000a6200000, 0x00000000a6300000|  0%| F|  |TAMS 0x00000000a6200000| PB 0x00000000a6200000| Untracked 
|  63|0x00000000a6300000, 0x00000000a6300000, 0x00000000a6400000|  0%| F|  |TAMS 0x00000000a6300000| PB 0x00000000a6300000| Untracked 
|  64|0x00000000a6400000, 0x00000000a6400000, 0x00000000a6500000|  0%| F|  |TAMS 0x00000000a6400000| PB 0x00000000a6400000| Untracked 
|  65|0x00000000a6500000, 0x00000000a6500000, 0x00000000a6600000|  0%| F|  |TAMS 0x00000000a6500000| PB 0x00000000a6500000| Untracked 
|  66|0x00000000a6600000, 0x00000000a6600000, 0x00000000a6700000|  0%| F|  |TAMS 0x00000000a6600000| PB 0x00000000a6600000| Untracked 
|  67|0x00000000a6700000, 0x00000000a6700000, 0x00000000a6800000|  0%| F|  |TAMS 0x00000000a6700000| PB 0x00000000a6700000| Untracked 
|  68|0x00000000a6800000, 0x00000000a6800000, 0x00000000a6900000|  0%| F|  |TAMS 0x00000000a6800000| PB 0x00000000a6800000| Untracked 
|  69|0x00000000a6900000, 0x00000000a6900000, 0x00000000a6a00000|  0%| F|  |TAMS 0x00000000a6900000| PB 0x00000000a6900000| Untracked 
|  70|0x00000000a6a00000, 0x00000000a6a00000, 0x00000000a6b00000|  0%| F|  |TAMS 0x00000000a6a00000| PB 0x00000000a6a00000| Untracked 
|  71|0x00000000a6b00000, 0x00000000a6b00000, 0x00000000a6c00000|  0%| F|  |TAMS 0x00000000a6b00000| PB 0x00000000a6b00000| Untracked 
|  72|0x00000000a6c00000, 0x00000000a6c00000, 0x00000000a6d00000|  0%| F|  |TAMS 0x00000000a6c00000| PB 0x00000000a6c00000| Untracked 
|  73|0x00000000a6d00000, 0x00000000a6d00000, 0x00000000a6e00000|  0%| F|  |TAMS 0x00000000a6d00000| PB 0x00000000a6d00000| Untracked 
|  74|0x00000000a6e00000, 0x00000000a6e00000, 0x00000000a6f00000|  0%| F|  |TAMS 0x00000000a6e00000| PB 0x00000000a6e00000| Untracked 
|  75|0x00000000a6f00000, 0x00000000a6f00000, 0x00000000a7000000|  0%| F|  |TAMS 0x00000000a6f00000| PB 0x00000000a6f00000| Untracked 
|  76|0x00000000a7000000, 0x00000000a7000000, 0x00000000a7100000|  0%| F|  |TAMS 0x00000000a7000000| PB 0x00000000a7000000| Untracked 
|  77|0x00000000a7100000, 0x00000000a7100000, 0x00000000a7200000|  0%| F|  |TAMS 0x00000000a7100000| PB 0x00000000a7100000| Untracked 
|  78|0x00000000a7200000, 0x00000000a7200000, 0x00000000a7300000|  0%| F|  |TAMS 0x00000000a7200000| PB 0x00000000a7200000| Untracked 
|  79|0x00000000a7300000, 0x00000000a7300000, 0x00000000a7400000|  0%| F|  |TAMS 0x00000000a7300000| PB 0x00000000a7300000| Untracked 
|  80|0x00000000a7400000, 0x00000000a7400000, 0x00000000a7500000|  0%| F|  |TAMS 0x00000000a7400000| PB 0x00000000a7400000| Untracked 
|  81|0x00000000a7500000, 0x00000000a7500000, 0x00000000a7600000|  0%| F|  |TAMS 0x00000000a7500000| PB 0x00000000a7500000| Untracked 
|  82|0x00000000a7600000, 0x00000000a7600000, 0x00000000a7700000|  0%| F|  |TAMS 0x00000000a7600000| PB 0x00000000a7600000| Untracked 
|  83|0x00000000a7700000, 0x00000000a7700000, 0x00000000a7800000|  0%| F|  |TAMS 0x00000000a7700000| PB 0x00000000a7700000| Untracked 
|  84|0x00000000a7800000, 0x00000000a7800000, 0x00000000a7900000|  0%| F|  |TAMS 0x00000000a7800000| PB 0x00000000a7800000| Untracked 
|  85|0x00000000a7900000, 0x00000000a7900000, 0x00000000a7a00000|  0%| F|  |TAMS 0x00000000a7900000| PB 0x00000000a7900000| Untracked 
|  86|0x00000000a7a00000, 0x00000000a7a00000, 0x00000000a7b00000|  0%| F|  |TAMS 0x00000000a7a00000| PB 0x00000000a7a00000| Untracked 
|  87|0x00000000a7b00000, 0x00000000a7b00000, 0x00000000a7c00000|  0%| F|  |TAMS 0x00000000a7b00000| PB 0x00000000a7b00000| Untracked 
|  88|0x00000000a7c00000, 0x00000000a7c00000, 0x00000000a7d00000|  0%| F|  |TAMS 0x00000000a7c00000| PB 0x00000000a7c00000| Untracked 
|  89|0x00000000a7d00000, 0x00000000a7d00000, 0x00000000a7e00000|  0%| F|  |TAMS 0x00000000a7d00000| PB 0x00000000a7d00000| Untracked 
|  90|0x00000000a7e00000, 0x00000000a7e00000, 0x00000000a7f00000|  0%| F|  |TAMS 0x00000000a7e00000| PB 0x00000000a7e00000| Untracked 
|  91|0x00000000a7f00000, 0x00000000a7f00000, 0x00000000a8000000|  0%| F|  |TAMS 0x00000000a7f00000| PB 0x00000000a7f00000| Untracked 
|  92|0x00000000a8000000, 0x00000000a8000000, 0x00000000a8100000|  0%| F|  |TAMS 0x00000000a8000000| PB 0x00000000a8000000| Untracked 
|  93|0x00000000a8100000, 0x00000000a8100000, 0x00000000a8200000|  0%| F|  |TAMS 0x00000000a8100000| PB 0x00000000a8100000| Untracked 
|  94|0x00000000a8200000, 0x00000000a8200000, 0x00000000a8300000|  0%| F|  |TAMS 0x00000000a8200000| PB 0x00000000a8200000| Untracked 
|  95|0x00000000a8300000, 0x00000000a8300000, 0x00000000a8400000|  0%| F|  |TAMS 0x00000000a8300000| PB 0x00000000a8300000| Untracked 
|  96|0x00000000a8400000, 0x00000000a8400000, 0x00000000a8500000|  0%| F|  |TAMS 0x00000000a8400000| PB 0x00000000a8400000| Untracked 
|  97|0x00000000a8500000, 0x00000000a8500000, 0x00000000a8600000|  0%| F|  |TAMS 0x00000000a8500000| PB 0x00000000a8500000| Untracked 
|  98|0x00000000a8600000, 0x00000000a868f190, 0x00000000a8700000| 55%| E|  |TAMS 0x00000000a8600000| PB 0x00000000a8600000| Complete 
|  99|0x00000000a8700000, 0x00000000a8800000, 0x00000000a8800000|100%| E|CS|TAMS 0x00000000a8700000| PB 0x00000000a8700000| Complete 
| 100|0x00000000a8800000, 0x00000000a8900000, 0x00000000a8900000|100%| E|CS|TAMS 0x00000000a8800000| PB 0x00000000a8800000| Complete 
| 101|0x00000000a8900000, 0x00000000a8a00000, 0x00000000a8a00000|100%| E|CS|TAMS 0x00000000a8900000| PB 0x00000000a8900000| Complete 
| 102|0x00000000a8a00000, 0x00000000a8b00000, 0x00000000a8b00000|100%| E|CS|TAMS 0x00000000a8a00000| PB 0x00000000a8a00000| Complete 
| 103|0x00000000a8b00000, 0x00000000a8c00000, 0x00000000a8c00000|100%| E|CS|TAMS 0x00000000a8b00000| PB 0x00000000a8b00000| Complete 
| 104|0x00000000a8c00000, 0x00000000a8d00000, 0x00000000a8d00000|100%| E|CS|TAMS 0x00000000a8c00000| PB 0x00000000a8c00000| Complete 
| 105|0x00000000a8d00000, 0x00000000a8e00000, 0x00000000a8e00000|100%| E|CS|TAMS 0x00000000a8d00000| PB 0x00000000a8d00000| Complete 
| 106|0x00000000a8e00000, 0x00000000a8f00000, 0x00000000a8f00000|100%| E|CS|TAMS 0x00000000a8e00000| PB 0x00000000a8e00000| Complete 
| 107|0x00000000a8f00000, 0x00000000a9000000, 0x00000000a9000000|100%| E|CS|TAMS 0x00000000a8f00000| PB 0x00000000a8f00000| Complete 
| 108|0x00000000a9000000, 0x00000000a9100000, 0x00000000a9100000|100%| E|CS|TAMS 0x00000000a9000000| PB 0x00000000a9000000| Complete 
| 109|0x00000000a9100000, 0x00000000a9200000, 0x00000000a9200000|100%| E|CS|TAMS 0x00000000a9100000| PB 0x00000000a9100000| Complete 
| 110|0x00000000a9200000, 0x00000000a9300000, 0x00000000a9300000|100%| E|CS|TAMS 0x00000000a9200000| PB 0x00000000a9200000| Complete 
| 111|0x00000000a9300000, 0x00000000a9400000, 0x00000000a9400000|100%| E|CS|TAMS 0x00000000a9300000| PB 0x00000000a9300000| Complete 
|1494|0x00000000ffa00000, 0x00000000ffb00000, 0x00000000ffb00000|100%| E|CS|TAMS 0x00000000ffa00000| PB 0x00000000ffa00000| Complete 
|1495|0x00000000ffb00000, 0x00000000ffc00000, 0x00000000ffc00000|100%| O|  |TAMS 0x00000000ffb00000| PB 0x00000000ffb00000| Untracked 
|1496|0x00000000ffc00000, 0x00000000ffd00000, 0x00000000ffd00000|100%| O|  |TAMS 0x00000000ffc00000| PB 0x00000000ffc00000| Untracked 
|1497|0x00000000ffd00000, 0x00000000ffe00000, 0x00000000ffe00000|100%| O|  |TAMS 0x00000000ffd00000| PB 0x00000000ffd00000| Untracked 
|1498|0x00000000ffe00000, 0x00000000fff00000, 0x00000000fff00000|100%| O|  |TAMS 0x00000000ffe00000| PB 0x00000000ffe00000| Untracked 
|1499|0x00000000fff00000, 0x0000000100000000, 0x0000000100000000|100%| O|  |TAMS 0x00000000fff00000| PB 0x00000000fff00000| Untracked 

Card table byte_map: [0x0000028419830000,0x0000028419b20000] _byte_map_base: 0x000002841931e000

Marking Bits: (CMBitMap*) 0x0000028406783a90
 Bits: [0x0000028419b20000, 0x000002841b290000)

Polling page: 0x0000028404ce0000

Metaspace:

Usage:
  Non-class:     51.35 MB used.
      Class:      6.72 MB used.
       Both:     58.07 MB used.

Virtual space:
  Non-class space:       64.00 MB reserved,      51.50 MB ( 80%) committed,  1 nodes.
      Class space:        1.00 GB reserved,       6.81 MB ( <1%) committed,  1 nodes.
             Both:        1.06 GB reserved,      58.31 MB (  5%) committed. 

Chunk freelists:
   Non-Class:  12.34 MB
       Class:  9.13 MB
        Both:  21.47 MB

MaxMetaspaceSize: unlimited
CompressedClassSpaceSize: 1.00 GB
Initial GC threshold: 21.00 MB
Current GC threshold: 90.75 MB
CDS: off
 - commit_granule_bytes: 65536.
 - commit_granule_words: 8192.
 - virtual_space_node_default_size: 8388608.
 - enlarge_chunks_in_place: 1.
 - use_allocation_guard: 0.


Internal statistics:

num_allocs_failed_limit: 6.
num_arena_births: 288.
num_arena_deaths: 0.
num_vsnodes_births: 2.
num_vsnodes_deaths: 0.
num_space_committed: 931.
num_space_uncommitted: 0.
num_chunks_returned_to_freelist: 6.
num_chunks_taken_from_freelist: 2084.
num_chunk_merges: 3.
num_chunk_splits: 1708.
num_chunks_enlarged: 1557.
num_inconsistent_stats: 0.

CodeHeap 'non-profiled nmethods': size=120000Kb used=2005Kb max_used=2005Kb free=117994Kb
 bounds [0x0000028411380000, 0x00000284115f0000, 0x00000284188b0000]
CodeHeap 'profiled nmethods': size=120000Kb used=8312Kb max_used=8312Kb free=111687Kb
 bounds [0x00000284098b0000, 0x000002840a0d0000, 0x0000028410de0000]
CodeHeap 'non-nmethods': size=5760Kb used=1634Kb max_used=1646Kb free=4125Kb
 bounds [0x0000028410de0000, 0x0000028411050000, 0x0000028411380000]
 total_blobs=4945 nmethods=4271 adapters=575
 compilation: enabled
              stopped_count=0, restarted_count=0
 full_count=0

Compilation events (20 events):
Event: 7.362 Thread 0x000002841e28ada0 nmethod 4706 0x000002840a07cb10 code [0x000002840a07cd20, 0x000002840a07d178]
Event: 7.362 Thread 0x000002841e28ada0 4707       2       org.jetbrains.kotlin.metadata.ProtoBuf$Property::hasReceiverType (18 bytes)
Event: 7.362 Thread 0x000002841e28ada0 nmethod 4707 0x000002840a07d410 code [0x000002840a07d5a0, 0x000002840a07d6c0]
Event: 7.365 Thread 0x000002841e27f910 nmethod 4664 0x0000028411569710 code [0x00000284115698a0, 0x0000028411569af0]
Event: 7.365 Thread 0x000002841e27f910 4589 %     4       org.jetbrains.org.objectweb.asm.ClassReader::<init> @ 76 (339 bytes)
Event: 7.368 Thread 0x000002841e28ada0 4708       3       org.jetbrains.kotlin.fir.resolve.providers.FirCachedSymbolNamesProvider::getTopLevelClassifierNamesInPackage (38 bytes)
Event: 7.369 Thread 0x000002841e28ada0 nmethod 4708 0x000002840a07d790 code [0x000002840a07da40, 0x000002840a07e448]
Event: 7.369 Thread 0x000002841e28ada0 4711       3       org.jetbrains.kotlin.metadata.jvm.JvmProtoBuf$JvmPropertySignature::hasField (16 bytes)
Event: 7.369 Thread 0x000002841e28ada0 nmethod 4711 0x000002840a07e810 code [0x000002840a07e9a0, 0x000002840a07eb08]
Event: 7.369 Thread 0x000002841e28ada0 4709       3       org.jetbrains.kotlin.fir.resolve.providers.FirCachedSymbolNamesProvider::getPackageNamesWithTopLevelClassifiers (5 bytes)
Event: 7.370 Thread 0x000002841e28ada0 nmethod 4709 0x000002840a07eb90 code [0x000002840a07ed60, 0x000002840a07f088]
Event: 7.370 Thread 0x000002841e28ada0 4710       3       org.jetbrains.kotlin.fir.resolve.providers.FirCachedSymbolNamesProvider::getTopLevelClassifierPackageNames (15 bytes)
Event: 7.370 Thread 0x000002841e28ada0 nmethod 4710 0x000002840a07f190 code [0x000002840a07f340, 0x000002840a07f608]
Event: 7.370 Thread 0x000002841e28ada0 4713       1       org.jetbrains.kotlin.fir.declarations.builder.FirRegularClassBuilder::getResolvePhase (5 bytes)
Event: 7.370 Thread 0x000002841e28ada0 nmethod 4713 0x0000028411569c90 code [0x0000028411569e20, 0x0000028411569ee8]
Event: 7.370 Thread 0x000002841e28ada0 4712       1       org.jetbrains.kotlin.fir.declarations.impl.FirPropertyImpl::getInitializer (5 bytes)
Event: 7.370 Thread 0x000002841e28ada0 nmethod 4712 0x0000028411569f90 code [0x000002841156a120, 0x000002841156a1e8]
Event: 7.371 Thread 0x000002841e28ada0 4714       3       kotlin.sequences.FilteringSequence$iterator$1::hasNext (26 bytes)
Event: 7.371 Thread 0x000002841e28ada0 nmethod 4714 0x000002840a07f710 code [0x000002840a07f8c0, 0x000002840a07fa90]
Event: 7.372 Thread 0x000002841e28ada0 4715       3       org.jetbrains.kotlin.fir.types.ConeTypeUtilsKt::toTypeProjection (92 bytes)

GC Heap History (20 events):
Event: 3.707 GC heap before
{Heap before GC invocations=7 (full 0):
 garbage-first heap   total 46080K, used 23163K [0x00000000a2400000, 0x0000000100000000)
  region size 1024K, 8 young (8192K), 2 survivors (2048K)
 Metaspace       used 35789K, committed 35968K, reserved 1114112K
  class space    used 4282K, committed 4352K, reserved 1048576K
}
Event: 3.711 GC heap after
{Heap after GC invocations=8 (full 0):
 garbage-first heap   total 46080K, used 18599K [0x00000000a2400000, 0x0000000100000000)
  region size 1024K, 1 young (1024K), 1 survivors (1024K)
 Metaspace       used 35789K, committed 35968K, reserved 1114112K
  class space    used 4282K, committed 4352K, reserved 1048576K
}
Event: 4.295 GC heap before
{Heap before GC invocations=9 (full 0):
 garbage-first heap   total 46080K, used 37031K [0x00000000a2400000, 0x0000000100000000)
  region size 1024K, 20 young (20480K), 1 survivors (1024K)
 Metaspace       used 41020K, committed 41280K, reserved 1114112K
  class space    used 4818K, committed 4992K, reserved 1048576K
}
Event: 4.299 GC heap after
{Heap after GC invocations=10 (full 0):
 garbage-first heap   total 46080K, used 19469K [0x00000000a2400000, 0x0000000100000000)
  region size 1024K, 2 young (2048K), 2 survivors (2048K)
 Metaspace       used 41020K, committed 41280K, reserved 1114112K
  class space    used 4818K, committed 4992K, reserved 1048576K
}
Event: 4.854 GC heap before
{Heap before GC invocations=10 (full 0):
 garbage-first heap   total 46080K, used 37901K [0x00000000a2400000, 0x0000000100000000)
  region size 1024K, 21 young (21504K), 2 survivors (2048K)
 Metaspace       used 45579K, committed 45888K, reserved 1114112K
  class space    used 5275K, committed 5440K, reserved 1048576K
}
Event: 4.862 GC heap after
{Heap after GC invocations=11 (full 0):
 garbage-first heap   total 46080K, used 20717K [0x00000000a2400000, 0x0000000100000000)
  region size 1024K, 3 young (3072K), 3 survivors (3072K)
 Metaspace       used 45579K, committed 45888K, reserved 1114112K
  class space    used 5275K, committed 5440K, reserved 1048576K
}
Event: 5.316 GC heap before
{Heap before GC invocations=11 (full 0):
 garbage-first heap   total 46080K, used 39149K [0x00000000a2400000, 0x0000000100000000)
  region size 1024K, 21 young (21504K), 3 survivors (3072K)
 Metaspace       used 48175K, committed 48448K, reserved 1114112K
  class space    used 5523K, committed 5632K, reserved 1048576K
}
Event: 5.334 GC heap after
{Heap after GC invocations=12 (full 0):
 garbage-first heap   total 46080K, used 24391K [0x00000000a2400000, 0x0000000100000000)
  region size 1024K, 3 young (3072K), 3 survivors (3072K)
 Metaspace       used 48175K, committed 48448K, reserved 1114112K
  class space    used 5523K, committed 5632K, reserved 1048576K
}
Event: 5.695 GC heap before
{Heap before GC invocations=12 (full 0):
 garbage-first heap   total 46080K, used 39751K [0x00000000a2400000, 0x0000000100000000)
  region size 1024K, 18 young (18432K), 3 survivors (3072K)
 Metaspace       used 49398K, committed 49728K, reserved 1114112K
  class space    used 5653K, committed 5824K, reserved 1048576K
}
Event: 5.716 GC heap after
{Heap after GC invocations=13 (full 0):
 garbage-first heap   total 58368K, used 29124K [0x00000000a2400000, 0x0000000100000000)
  region size 1024K, 3 young (3072K), 3 survivors (3072K)
 Metaspace       used 49398K, committed 49728K, reserved 1114112K
  class space    used 5653K, committed 5824K, reserved 1048576K
}
Event: 6.292 GC heap before
{Heap before GC invocations=14 (full 0):
 garbage-first heap   total 58368K, used 48580K [0x00000000a2400000, 0x0000000100000000)
  region size 1024K, 22 young (22528K), 3 survivors (3072K)
 Metaspace       used 54706K, committed 54976K, reserved 1114112K
  class space    used 6367K, committed 6528K, reserved 1048576K
}
Event: 6.304 GC heap after
{Heap after GC invocations=15 (full 0):
 garbage-first heap   total 58368K, used 33392K [0x00000000a2400000, 0x0000000100000000)
  region size 1024K, 3 young (3072K), 3 survivors (3072K)
 Metaspace       used 54706K, committed 54976K, reserved 1114112K
  class space    used 6367K, committed 6528K, reserved 1048576K
}
Event: 6.393 GC heap before
{Heap before GC invocations=15 (full 0):
 garbage-first heap   total 58368K, used 49776K [0x00000000a2400000, 0x0000000100000000)
  region size 1024K, 19 young (19456K), 3 survivors (3072K)
 Metaspace       used 54806K, committed 55168K, reserved 1114112K
  class space    used 6369K, committed 6528K, reserved 1048576K
}
Event: 6.410 GC heap after
{Heap after GC invocations=16 (full 0):
 garbage-first heap   total 59392K, used 38722K [0x00000000a2400000, 0x0000000100000000)
  region size 1024K, 3 young (3072K), 3 survivors (3072K)
 Metaspace       used 54806K, committed 55168K, reserved 1114112K
  class space    used 6369K, committed 6528K, reserved 1048576K
}
Event: 6.596 GC heap before
{Heap before GC invocations=16 (full 0):
 garbage-first heap   total 59392K, used 48962K [0x00000000a2400000, 0x0000000100000000)
  region size 1024K, 14 young (14336K), 3 survivors (3072K)
 Metaspace       used 55413K, committed 55680K, reserved 1114112K
  class space    used 6403K, committed 6528K, reserved 1048576K
}
Event: 6.606 GC heap after
{Heap after GC invocations=17 (full 0):
 garbage-first heap   total 59392K, used 42496K [0x00000000a2400000, 0x0000000100000000)
  region size 1024K, 2 young (2048K), 2 survivors (2048K)
 Metaspace       used 55413K, committed 55680K, reserved 1114112K
  class space    used 6403K, committed 6528K, reserved 1048576K
}
Event: 6.874 GC heap before
{Heap before GC invocations=18 (full 0):
 garbage-first heap   total 71680K, used 50688K [0x00000000a2400000, 0x0000000100000000)
  region size 1024K, 10 young (10240K), 2 survivors (2048K)
 Metaspace       used 56453K, committed 56704K, reserved 1114112K
  class space    used 6551K, committed 6656K, reserved 1048576K
}
Event: 6.885 GC heap after
{Heap after GC invocations=19 (full 0):
 garbage-first heap   total 71680K, used 44558K [0x00000000a2400000, 0x0000000100000000)
  region size 1024K, 2 young (2048K), 2 survivors (2048K)
 Metaspace       used 56453K, committed 56704K, reserved 1114112K
  class space    used 6551K, committed 6656K, reserved 1048576K
}
Event: 7.229 GC heap before
{Heap before GC invocations=19 (full 0):
 garbage-first heap   total 71680K, used 58894K [0x00000000a2400000, 0x0000000100000000)
  region size 1024K, 17 young (17408K), 2 survivors (2048K)
 Metaspace       used 59063K, committed 59328K, reserved 1114112K
  class space    used 6840K, committed 6976K, reserved 1048576K
}
Event: 7.240 GC heap after
{Heap after GC invocations=20 (full 0):
 garbage-first heap   total 120832K, used 45827K [0x00000000a2400000, 0x0000000100000000)
  region size 1024K, 3 young (3072K), 3 survivors (3072K)
 Metaspace       used 59063K, committed 59328K, reserved 1114112K
  class space    used 6840K, committed 6976K, reserved 1048576K
}

Dll operation events (3 events):
Event: 0.018 Loaded shared library C:\Program Files\Android\Android Studio1\jbr\bin\java.dll
Event: 0.029 Loaded shared library C:\Program Files\Android\Android Studio1\jbr\bin\zip.dll
Event: 2.482 Loaded shared library C:\Program Files\Android\Android Studio1\jbr\bin\verify.dll

Deoptimization events (20 events):
Event: 6.533 Thread 0x0000028404d3df20 Uncommon trap: trap_request=0xffffff45 fr.pc=0x00000284114ed3d0 relative=0x00000000000001b0
Event: 6.533 Thread 0x0000028404d3df20 Uncommon trap: reason=unstable_if action=reinterpret pc=0x00000284114ed3d0 method=org.jetbrains.kotlin.name.FqNameUnsafe.equals(Ljava/lang/Object;)Z @ 2 c2
Event: 6.533 Thread 0x0000028404d3df20 DEOPT PACKING pc=0x00000284114ed3d0 sp=0x00000093473fa220
Event: 6.533 Thread 0x0000028404d3df20 DEOPT UNPACKING pc=0x0000028410e346a2 sp=0x00000093473fa130 mode 2
Event: 6.577 Thread 0x0000028404d3df20 Uncommon trap: trap_request=0xffffffde fr.pc=0x000002841146c32c relative=0x00000000000005ac
Event: 6.577 Thread 0x0000028404d3df20 Uncommon trap: reason=class_check action=maybe_recompile pc=0x000002841146c32c method=org.jetbrains.kotlin.com.intellij.lang.impl.PsiBuilderImpl.skipWhitespace()V @ 72 c2
Event: 6.577 Thread 0x0000028404d3df20 DEOPT PACKING pc=0x000002841146c32c sp=0x00000093473fbdb0
Event: 6.577 Thread 0x0000028404d3df20 DEOPT UNPACKING pc=0x0000028410e346a2 sp=0x00000093473fbdb0 mode 2
Event: 7.012 Thread 0x0000028404d3df20 Uncommon trap: trap_request=0xffffff45 fr.pc=0x000002841140bd6c relative=0x000000000000032c
Event: 7.012 Thread 0x0000028404d3df20 Uncommon trap: reason=unstable_if action=reinterpret pc=0x000002841140bd6c method=java.lang.String.indexOf([BBILjava/lang/String;I)I @ 22 c2
Event: 7.012 Thread 0x0000028404d3df20 DEOPT PACKING pc=0x000002841140bd6c sp=0x00000093473f8d20
Event: 7.012 Thread 0x0000028404d3df20 DEOPT UNPACKING pc=0x0000028410e346a2 sp=0x00000093473f8c18 mode 2
Event: 7.294 Thread 0x0000028404d3df20 Uncommon trap: trap_request=0xffffff45 fr.pc=0x00000284114fdeb0 relative=0x0000000000001070
Event: 7.294 Thread 0x0000028404d3df20 Uncommon trap: reason=unstable_if action=reinterpret pc=0x00000284114fdeb0 method=org.jetbrains.org.objectweb.asm.ClassReader.readElementValue(Lorg/jetbrains/org/objectweb/asm/AnnotationVisitor;ILjava/lang/String;[C)I @ 102 c2
Event: 7.294 Thread 0x0000028404d3df20 DEOPT PACKING pc=0x00000284114fdeb0 sp=0x00000093473f8460
Event: 7.294 Thread 0x0000028404d3df20 DEOPT UNPACKING pc=0x0000028410e346a2 sp=0x00000093473f83e0 mode 2
Event: 7.301 Thread 0x0000028404d3df20 Uncommon trap: trap_request=0xffffff45 fr.pc=0x00000284115607dc relative=0x000000000000395c
Event: 7.301 Thread 0x0000028404d3df20 Uncommon trap: reason=unstable_if action=reinterpret pc=0x00000284115607dc method=org.jetbrains.org.objectweb.asm.ClassReader.readMethod(Lorg/jetbrains/org/objectweb/asm/ClassVisitor;Lorg/jetbrains/org/objectweb/asm/Context;I)I @ 895 c2
Event: 7.301 Thread 0x0000028404d3df20 DEOPT PACKING pc=0x00000284115607dc sp=0x00000093473f86c0
Event: 7.301 Thread 0x0000028404d3df20 DEOPT UNPACKING pc=0x0000028410e346a2 sp=0x00000093473f8668 mode 2

Classes loaded (20 events):
Event: 6.114 Loading class java/util/AbstractMap$SimpleImmutableEntry
Event: 6.114 Loading class java/util/AbstractMap$SimpleImmutableEntry done
Event: 6.115 Loading class java/util/stream/ReferencePipeline$2
Event: 6.115 Loading class java/util/stream/ReferencePipeline$2 done
Event: 6.115 Loading class java/util/stream/ForEachOps
Event: 6.115 Loading class java/util/stream/ForEachOps done
Event: 6.115 Loading class java/util/stream/ForEachOps$ForEachOp$OfRef
Event: 6.115 Loading class java/util/stream/ForEachOps$ForEachOp
Event: 6.115 Loading class java/util/stream/TerminalSink
Event: 6.115 Loading class java/util/stream/TerminalSink done
Event: 6.115 Loading class java/util/stream/ForEachOps$ForEachOp done
Event: 6.115 Loading class java/util/stream/ForEachOps$ForEachOp$OfRef done
Event: 6.116 Loading class java/util/stream/ReferencePipeline$2$1
Event: 6.116 Loading class java/util/stream/ReferencePipeline$2$1 done
Event: 6.134 Loading class java/util/AbstractList$SubList
Event: 6.134 Loading class java/util/AbstractList$SubList done
Event: 6.134 Loading class java/util/AbstractList$SubList$1
Event: 6.134 Loading class java/util/AbstractList$SubList$1 done
Event: 7.177 Loading class java/util/AbstractList$RandomAccessSubList
Event: 7.177 Loading class java/util/AbstractList$RandomAccessSubList done

Classes unloaded (0 events):
No events

Classes redefined (0 events):
No events

Internal exceptions (20 events):
Event: 2.054 Thread 0x0000028404d3df20 Exception <a 'java/lang/NoSuchMethodError'{0x00000000a30ebfa0}: 'java.lang.Object java.lang.invoke.DirectMethodHandle$Holder.invokeStatic(java.lang.Object, java.lang.Object, int)'> (0x00000000a30ebfa0) 
thrown [s\src\hotspot\share\interpreter\linkResolver.cpp, line 784]
Event: 2.055 Thread 0x0000028404d3df20 Exception <a 'java/lang/NoSuchMethodError'{0x00000000a30f7600}: 'void java.lang.invoke.DelegatingMethodHandle$Holder.delegate(java.lang.Object, java.lang.Object, int, java.lang.Object)'> (0x00000000a30f7600) 
thrown [s\src\hotspot\share\interpreter\linkResolver.cpp, line 784]
Event: 2.531 Thread 0x0000028404d3df20 Exception <a 'java/lang/NoSuchMethodError'{0x00000000a37cd6b0}: 'java.lang.Object java.lang.invoke.DirectMethodHandle$Holder.invokeStatic(java.lang.Object, java.lang.Object, int, java.lang.Object)'> (0x00000000a37cd6b0) 
thrown [s\src\hotspot\share\interpreter\linkResolver.cpp, line 784]
Event: 2.814 Thread 0x0000028404d3df20 Exception <a 'java/lang/NoSuchMethodError'{0x00000000a67bb440}: 'java.lang.Object java.lang.invoke.DirectMethodHandle$Holder.newInvokeSpecial(java.lang.Object, java.lang.Object, java.lang.Object, java.lang.Object, java.lang.Object, java.lang.Object)'> (0x00000000a67bb440) 
thrown [s\src\hotspot\share\interpreter\linkResolver.cpp, line 784]
Event: 3.524 Thread 0x0000028404d3df20 Exception <a 'java/lang/NoSuchMethodError'{0x00000000a3aedeb8}: 'java.lang.Object java.lang.invoke.DirectMethodHandle$Holder.newInvokeSpecial(java.lang.Object, java.lang.Object, java.lang.Object, java.lang.Object, java.lang.Object, java.lang.Object, java.lang.Object)'> (0x00000000a3aedeb8) 
thrown [s\src\hotspot\share\interpreter\linkResolver.cpp, line 784]
Event: 3.918 Thread 0x0000028404d3df20 Exception <a 'java/lang/NoSuchMethodError'{0x00000000a44265f0}: 'java.lang.Object java.lang.invoke.DirectMethodHandle$Holder.invokeVirtual(java.lang.Object, java.lang.Object, java.lang.Object)'> (0x00000000a44265f0) 
thrown [s\src\hotspot\share\interpreter\linkResolver.cpp, line 784]
Event: 4.003 Thread 0x0000028404d3df20 Exception <a 'java/lang/NoSuchMethodError'{0x00000000a43a7078}: 'java.lang.Object java.lang.invoke.DirectMethodHandle$Holder.newInvokeSpecial(java.lang.Object, java.lang.Object, int)'> (0x00000000a43a7078) 
thrown [s\src\hotspot\share\interpreter\linkResolver.cpp, line 784]
Event: 4.159 Thread 0x0000028404d3df20 Exception <a 'java/lang/NoSuchMethodError'{0x00000000a3d670d8}: 'int java.lang.invoke.DirectMethodHandle$Holder.invokeStaticInit(java.lang.Object, int)'> (0x00000000a3d670d8) 
thrown [s\src\hotspot\share\interpreter\linkResolver.cpp, line 784]
Event: 4.809 Thread 0x0000028404d3df20 Exception <a 'java/lang/NoSuchMethodError'{0x00000000a3cb1f10}: 'java.lang.Object java.lang.invoke.DirectMethodHandle$Holder.newInvokeSpecial(java.lang.Object, java.lang.Object, java.lang.Object, int, java.lang.Object)'> (0x00000000a3cb1f10) 
thrown [s\src\hotspot\share\interpreter\linkResolver.cpp, line 784]
Event: 5.234 Thread 0x0000028404d3df20 Implicit null exception at 0x000002841149fe69 to 0x00000284114a05b0
Event: 5.234 Thread 0x0000028404d3df20 Implicit null exception at 0x000002841147403d to 0x00000284114740b9
Event: 5.235 Thread 0x0000028404d3df20 Implicit null exception at 0x000002841149da9a to 0x000002841149dc88
Event: 5.680 Thread 0x0000028404d3df20 Exception <a 'java/lang/NoSuchMethodError'{0x00000000a3f91920}: 'java.lang.Object java.lang.invoke.Invokers$Holder.invokeExact_MT(java.lang.Object, java.lang.Object, java.lang.Object, java.lang.Object, java.lang.Object, java.lang.Object)'> (0x00000000a3f91920) 
thrown [s\src\hotspot\share\interpreter\linkResolver.cpp, line 784]
Event: 6.133 Thread 0x0000028404d3df20 Exception <a 'java/lang/NoSuchMethodError'{0x00000000a4c59960}: 'void java.lang.invoke.DirectMethodHandle$Holder.invokeSpecial(java.lang.Object, java.lang.Object, int, java.lang.Object)'> (0x00000000a4c59960) 
thrown [s\src\hotspot\share\interpreter\linkResolver.cpp, line 784]
Event: 6.468 Thread 0x0000028404d3df20 Implicit null exception at 0x00000284114013fe to 0x00000284114014f8
Event: 6.894 Thread 0x0000028404d3df20 Exception <a 'java/lang/NoSuchMethodError'{0x00000000a8143940}: 'java.lang.Object java.lang.invoke.DirectMethodHandle$Holder.newInvokeSpecial(java.lang.Object, java.lang.Object, java.lang.Object, java.lang.Object, int, java.lang.Object, java.lang.Object)'> (0x00000000a8143940) 
thrown [s\src\hotspot\share\interpreter\linkResolver.cpp, line 784]
Event: 6.895 Thread 0x0000028404d3df20 Exception <a 'java/lang/NoSuchMethodError'{0x00000000a814bad0}: 'java.lang.Object java.lang.invoke.Invokers$Holder.linkToTargetMethod(java.lang.Object, java.lang.Object, java.lang.Object, int, java.lang.Object, java.lang.Object, java.lang.Object)'> (0x00000000a814bad0) 
thrown [s\src\hotspot\share\interpreter\linkResolver.cpp, line 784]
Event: 7.132 Thread 0x0000028404d3df20 Exception <a 'java/lang/NoSuchMethodError'{0x00000000a56efa50}: 'java.lang.Object java.lang.invoke.DirectMethodHandle$Holder.invokeSpecial(java.lang.Object, java.lang.Object, int, java.lang.Object, java.lang.Object)'> (0x00000000a56efa50) 
thrown [s\src\hotspot\share\interpreter\linkResolver.cpp, line 784]
Event: 7.189 Thread 0x0000028404d3df20 Exception <a 'java/lang/NoSuchMethodError'{0x00000000a54c9368}: 'java.lang.Object java.lang.invoke.DirectMethodHandle$Holder.invokeStatic(java.lang.Object, int, java.lang.Object, java.lang.Object)'> (0x00000000a54c9368) 
thrown [s\src\hotspot\share\interpreter\linkResolver.cpp, line 784]
Event: 7.190 Thread 0x0000028404d3df20 Exception <a 'java/lang/NoSuchMethodError'{0x00000000a54d0510}: 'java.lang.Object java.lang.invoke.DirectMethodHandle$Holder.newInvokeSpecial(java.lang.Object, int, java.lang.Object)'> (0x00000000a54d0510) 
thrown [s\src\hotspot\share\interpreter\linkResolver.cpp, line 784]

ZGC Phase Switch (0 events):
No events

VM Operations (20 events):
Event: 6.202 Executing VM operation: HandshakeAllThreads (Deoptimize)
Event: 6.202 Executing VM operation: HandshakeAllThreads (Deoptimize) done
Event: 6.226 Executing VM operation: HandshakeAllThreads (Deoptimize)
Event: 6.226 Executing VM operation: HandshakeAllThreads (Deoptimize) done
Event: 6.292 Executing VM operation: G1CollectForAllocation (G1 Evacuation Pause)
Event: 6.304 Executing VM operation: G1CollectForAllocation (G1 Evacuation Pause) done
Event: 6.393 Executing VM operation: G1CollectForAllocation (G1 Evacuation Pause)
Event: 6.410 Executing VM operation: G1CollectForAllocation (G1 Evacuation Pause) done
Event: 6.596 Executing VM operation: G1CollectForAllocation (G1 Evacuation Pause)
Event: 6.606 Executing VM operation: G1CollectForAllocation (G1 Evacuation Pause) done
Event: 6.646 Executing VM operation: G1PauseRemark
Event: 6.654 Executing VM operation: G1PauseRemark done
Event: 6.674 Executing VM operation: G1PauseCleanup
Event: 6.674 Executing VM operation: G1PauseCleanup done
Event: 6.873 Executing VM operation: G1CollectForAllocation (G1 Evacuation Pause)
Event: 6.885 Executing VM operation: G1CollectForAllocation (G1 Evacuation Pause) done
Event: 7.229 Executing VM operation: G1CollectForAllocation (G1 Evacuation Pause)
Event: 7.240 Executing VM operation: G1CollectForAllocation (G1 Evacuation Pause) done
Event: 8.253 Executing VM operation: Cleanup
Event: 8.253 Executing VM operation: Cleanup done

Memory protections (0 events):
No events

Nmethod flushes (20 events):
Event: 6.653 Thread 0x000002841df992b0 flushing  nmethod 0x0000028409d3aa90
Event: 6.653 Thread 0x000002841df992b0 flushing  nmethod 0x0000028409d3ba90
Event: 6.653 Thread 0x000002841df992b0 flushing  nmethod 0x0000028409d42b10
Event: 6.653 Thread 0x000002841df992b0 flushing  nmethod 0x0000028409d43610
Event: 6.653 Thread 0x000002841df992b0 flushing  nmethod 0x0000028409d43b10
Event: 6.653 Thread 0x000002841df992b0 flushing  nmethod 0x0000028409d43e90
Event: 6.653 Thread 0x000002841df992b0 flushing  nmethod 0x0000028409d4ab90
Event: 6.653 Thread 0x000002841df992b0 flushing  nmethod 0x0000028409d4c810
Event: 6.653 Thread 0x000002841df992b0 flushing  nmethod 0x0000028409d50890
Event: 6.653 Thread 0x000002841df992b0 flushing  nmethod 0x0000028409d5b690
Event: 6.653 Thread 0x000002841df992b0 flushing  nmethod 0x0000028409d63090
Event: 6.653 Thread 0x000002841df992b0 flushing  nmethod 0x0000028409d65090
Event: 6.653 Thread 0x000002841df992b0 flushing  nmethod 0x0000028409db2f90
Event: 6.653 Thread 0x000002841df992b0 flushing  nmethod 0x0000028409de6a10
Event: 6.653 Thread 0x000002841df992b0 flushing  nmethod 0x0000028409df8b90
Event: 6.653 Thread 0x000002841df992b0 flushing  nmethod 0x0000028409dfc690
Event: 6.653 Thread 0x000002841df992b0 flushing  nmethod 0x0000028409e2b710
Event: 6.653 Thread 0x000002841df992b0 flushing  nmethod 0x0000028409e2da90
Event: 6.653 Thread 0x000002841df992b0 flushing  nmethod 0x0000028409e2ee90
Event: 6.653 Thread 0x000002841df992b0 flushing  nmethod 0x0000028409f20690

Events (20 events):
Event: 0.099 Thread 0x0000028404d3df20 Thread added: 0x000002841e2320c0
Event: 0.100 Thread 0x0000028404d3df20 Thread added: 0x000002841e245d10
Event: 0.100 Thread 0x0000028404d3df20 Thread added: 0x000002841e254070
Event: 0.101 Thread 0x0000028404d3df20 Thread added: 0x000002841e2495c0
Event: 0.101 Thread 0x0000028404d3df20 Thread added: 0x000002841e255ec0
Event: 0.101 Thread 0x0000028404d3df20 Thread added: 0x000002841e27f910
Event: 0.101 Thread 0x0000028404d3df20 Thread added: 0x000002841e28ada0
Event: 0.170 Thread 0x0000028404d3df20 Thread added: 0x000002841e430c10
Event: 0.180 Thread 0x0000028404d3df20 Thread added: 0x000002841e43e870
Event: 0.192 Loaded shared library C:\Program Files\Android\Android Studio1\jbr\bin\net.dll
Event: 0.197 Loaded shared library C:\Program Files\Android\Android Studio1\jbr\bin\nio.dll
Event: 0.220 Thread 0x000002841e27f910 Thread added: 0x000002841e4cf2a0
Event: 0.220 Thread 0x000002841e27f910 Thread added: 0x000002841e4cf940
Event: 0.234 Loaded shared library C:\Program Files\Android\Android Studio1\jbr\bin\zip.dll
Event: 0.287 Loaded shared library C:\Program Files\Android\Android Studio1\jbr\bin\jimage.dll
Event: 0.404 Thread 0x000002841e4cf940 Thread exited: 0x000002841e4cf940
Event: 1.318 Thread 0x000002841e4cf2a0 Thread exited: 0x000002841e4cf2a0
Event: 2.218 Thread 0x000002841e28ada0 Thread added: 0x0000028423623c00
Event: 3.718 Thread 0x0000028423623c00 Thread exited: 0x0000028423623c00
Event: 5.245 Thread 0x000002841e28ada0 Thread added: 0x000002841e4dc3f0


Dynamic libraries:
0x00007ff684600000 - 0x00007ff68460a000 	C:\Program Files\Android\Android Studio1\jbr\bin\java.exe
0x00007ff8ca3e0000 - 0x00007ff8ca640000 	C:\WINDOWS\SYSTEM32\ntdll.dll
0x00007ff894230000 - 0x00007ff89424a000 	C:\Program Files\Avast Software\Avast\aswhook.dll
0x00007ff8c9c30000 - 0x00007ff8c9cf7000 	C:\WINDOWS\System32\KERNEL32.DLL
0x00007ff8c7830000 - 0x00007ff8c7bfa000 	C:\WINDOWS\System32\KERNELBASE.dll
0x00007ff8c7c00000 - 0x00007ff8c7d4b000 	C:\WINDOWS\System32\ucrtbase.dll
0x00007ff8afb40000 - 0x00007ff8afb58000 	C:\Program Files\Android\Android Studio1\jbr\bin\jli.dll
0x00007ff8bce90000 - 0x00007ff8bceab000 	C:\Program Files\Android\Android Studio1\jbr\bin\VCRUNTIME140.dll
0x00007ff8c9f30000 - 0x00007ff8ca0fc000 	C:\WINDOWS\System32\USER32.dll
0x00007ff8c7800000 - 0x00007ff8c7827000 	C:\WINDOWS\System32\win32u.dll
0x00007ff8a9d80000 - 0x00007ff8aa017000 	C:\WINDOWS\WinSxS\amd64_microsoft.windows.common-controls_6595b64144ccf1df_6.0.26100.3624_none_3e086962e3345f24\COMCTL32.dll
0x00007ff8ca340000 - 0x00007ff8ca36a000 	C:\WINDOWS\System32\GDI32.dll
0x00007ff8c97f0000 - 0x00007ff8c9899000 	C:\WINDOWS\System32\msvcrt.dll
0x00007ff8c7e00000 - 0x00007ff8c7f31000 	C:\WINDOWS\System32\gdi32full.dll
0x00007ff8c7d50000 - 0x00007ff8c7df3000 	C:\WINDOWS\System32\msvcp_win.dll
0x00007ff8c9d10000 - 0x00007ff8c9d3f000 	C:\WINDOWS\System32\IMM32.DLL
0x00007ff8c3f60000 - 0x00007ff8c3f6c000 	C:\Program Files\Android\Android Studio1\jbr\bin\vcruntime140_1.dll
0x00007ff8ac630000 - 0x00007ff8ac6bd000 	C:\Program Files\Android\Android Studio1\jbr\bin\msvcp140.dll
0x00007ff8325d0000 - 0x00007ff83325a000 	C:\Program Files\Android\Android Studio1\jbr\bin\server\jvm.dll
0x00007ff8ca110000 - 0x00007ff8ca1c2000 	C:\WINDOWS\System32\ADVAPI32.dll
0x00007ff8c9e80000 - 0x00007ff8c9f26000 	C:\WINDOWS\System32\sechost.dll
0x00007ff8ca1d0000 - 0x00007ff8ca2e6000 	C:\WINDOWS\System32\RPCRT4.dll
0x00007ff8c8e50000 - 0x00007ff8c8ec4000 	C:\WINDOWS\System32\WS2_32.dll
0x00007ff8c7410000 - 0x00007ff8c746e000 	C:\WINDOWS\SYSTEM32\POWRPROF.dll
0x00007ff8c4ed0000 - 0x00007ff8c4f06000 	C:\WINDOWS\SYSTEM32\WINMM.dll
0x00007ff8c1040000 - 0x00007ff8c104b000 	C:\WINDOWS\SYSTEM32\VERSION.dll
0x00007ff8c73f0000 - 0x00007ff8c7404000 	C:\WINDOWS\SYSTEM32\UMPDC.dll
0x00007ff8c63d0000 - 0x00007ff8c63ea000 	C:\WINDOWS\SYSTEM32\kernel.appcore.dll
0x00007ff8bce80000 - 0x00007ff8bce8a000 	C:\Program Files\Android\Android Studio1\jbr\bin\jimage.dll
0x00007ff8c4c60000 - 0x00007ff8c4ea1000 	C:\WINDOWS\SYSTEM32\DBGHELP.DLL
0x00007ff8c8fd0000 - 0x00007ff8c9352000 	C:\WINDOWS\System32\combase.dll
0x00007ff8c8d10000 - 0x00007ff8c8de6000 	C:\WINDOWS\System32\OLEAUT32.dll
0x00007ff8c4ab0000 - 0x00007ff8c4ae9000 	C:\WINDOWS\SYSTEM32\dbgcore.DLL
0x00007ff8c7f40000 - 0x00007ff8c7fd9000 	C:\WINDOWS\System32\bcryptPrimitives.dll
0x00007ff8bce60000 - 0x00007ff8bce80000 	C:\Program Files\Android\Android Studio1\jbr\bin\java.dll
0x00007ff8bce40000 - 0x00007ff8bce58000 	C:\Program Files\Android\Android Studio1\jbr\bin\zip.dll
0x00007ff8c85e0000 - 0x00007ff8c8d09000 	C:\WINDOWS\System32\SHELL32.dll
0x00007ff8c8070000 - 0x00007ff8c81d8000 	C:\WINDOWS\System32\wintypes.dll
0x00007ff8c5250000 - 0x00007ff8c5aa2000 	C:\WINDOWS\SYSTEM32\windows.storage.dll
0x00007ff8c81e0000 - 0x00007ff8c82cd000 	C:\WINDOWS\System32\SHCORE.dll
0x00007ff8c9930000 - 0x00007ff8c9994000 	C:\WINDOWS\System32\shlwapi.dll
0x00007ff8c74d0000 - 0x00007ff8c74ff000 	C:\WINDOWS\SYSTEM32\profapi.dll
0x00007ff8b8f00000 - 0x00007ff8b8f10000 	C:\Program Files\Android\Android Studio1\jbr\bin\net.dll
0x00007ff8be110000 - 0x00007ff8be22d000 	C:\WINDOWS\SYSTEM32\WINHTTP.dll
0x00007ff8c68f0000 - 0x00007ff8c695a000 	C:\WINDOWS\system32\mswsock.dll
0x00007ff8b8970000 - 0x00007ff8b8986000 	C:\Program Files\Android\Android Studio1\jbr\bin\nio.dll
0x00007ff8b8960000 - 0x00007ff8b8970000 	C:\Program Files\Android\Android Studio1\jbr\bin\verify.dll

dbghelp: loaded successfully - version: 4.0.5 - missing functions: none
symbol engine: initialized successfully - sym options: 0x614 - pdb path: .;C:\Program Files\Android\Android Studio1\jbr\bin;C:\WINDOWS\SYSTEM32;C:\Program Files\Avast Software\Avast;C:\WINDOWS\WinSxS\amd64_microsoft.windows.common-controls_6595b64144ccf1df_6.0.26100.3624_none_3e086962e3345f24;C:\Program Files\Android\Android Studio1\jbr\bin\server

VM Arguments:
java_command: org.jetbrains.kotlin.cli.jvm.K2JVMCompiler @C:\Users\nikki\AndroidStudioProjects\AdminBlinkitClone\app\build\20250410_17590152682008547560.compiler.options
java_class_path (initial): C:\Users\nikki\.gradle\caches\modules-2\files-2.1\org.jetbrains.kotlin\kotlin-compiler-embeddable\2.0.21\79346ed53db48b18312a472602eb5c057070c54d\kotlin-compiler-embeddable-2.0.21.jar;C:\Users\nikki\.gradle\caches\modules-2\files-2.1\org.jetbrains.kotlin\kotlin-stdlib\2.0.21\618b539767b4899b4660a83006e052b63f1db551\kotlin-stdlib-2.0.21.jar;C:\Users\nikki\.gradle\caches\modules-2\files-2.1\org.jetbrains.kotlin\kotlin-script-runtime\2.0.21\c9b044380ad41f89aa89aa896c2d32a8c0b2129d\kotlin-script-runtime-2.0.21.jar;C:\Users\nikki\.gradle\caches\modules-2\files-2.1\org.jetbrains.kotlin\kotlin-reflect\1.6.10\1cbe9c92c12a94eea200d23c2bbaedaf3daf5132\kotlin-reflect-1.6.10.jar;C:\Users\nikki\.gradle\caches\modules-2\files-2.1\org.jetbrains.kotlin\kotlin-daemon-embeddable\2.0.21\c9e933b23287de9b5a17e2116b4657bb91aea72c\kotlin-daemon-embeddable-2.0.21.jar;C:\Users\nikki\.gradle\caches\modules-2\files-2.1\org.jetbrains.intellij.deps\trove4j\1.0.20200330\3afb14d5f9ceb459d724e907a21145e8ff394f02\trove4j-1.0.20200330.jar;C:\Users\nikki\.gradle\caches\modules-2\files-2.1\org.jetbrains.kotlinx\kotlinx-coroutines-core-jvm\1.6.4\2c997cd1c0ef33f3e751d3831929aeff1390cb30\kotlinx-coroutines-core-jvm-1.6.4.jar;C:\Users\nikki\.gradle\caches\modules-2\files-2.1\org.jetbrains\annotations\13.0\919f0dfe192fb4e063e7dacadee7f8bb9a2672a9\annotations-13.0.jar
Launcher Type: SUN_STANDARD

[Global flags]
     intx CICompilerCount                          = 4                                         {product} {ergonomic}
     uint ConcGCThreads                            = 3                                         {product} {ergonomic}
     uint G1ConcRefinementThreads                  = 10                                        {product} {ergonomic}
   size_t G1HeapRegionSize                         = 1048576                                   {product} {ergonomic}
    uintx GCDrainStackTargetSize                   = 64                                        {product} {ergonomic}
   size_t InitialHeapSize                          = 98566144                                  {product} {ergonomic}
   size_t MarkStackSize                            = 4194304                                   {product} {ergonomic}
   size_t MaxHeapSize                              = 1572864000                                {product} {ergonomic}
   size_t MaxNewSize                               = 943718400                                 {product} {ergonomic}
   size_t MinHeapDeltaBytes                        = 1048576                                   {product} {ergonomic}
   size_t MinHeapSize                              = 8388608                                   {product} {ergonomic}
    uintx NonNMethodCodeHeapSize                   = 5839372                                {pd product} {ergonomic}
    uintx NonProfiledCodeHeapSize                  = 122909434                              {pd product} {ergonomic}
    uintx ProfiledCodeHeapSize                     = 122909434                              {pd product} {ergonomic}
    uintx ReservedCodeCacheSize                    = 251658240                              {pd product} {ergonomic}
     bool SegmentedCodeCache                       = true                                      {product} {ergonomic}
   size_t SoftMaxHeapSize                          = 1572864000                             {manageable} {ergonomic}
     bool UseCompressedOops                        = true                           {product lp64_product} {ergonomic}
     bool UseG1GC                                  = true                                      {product} {ergonomic}
     bool UseLargePagesIndividualAllocation        = false                                  {pd product} {ergonomic}

Logging:
Log output configuration:
 #0: stdout all=warning uptime,level,tags foldmultilines=false
 #1: stderr all=off uptime,level,tags foldmultilines=false

Environment Variables:
JAVA_HOME=C:\Program Files\JAVA\jdk-23.0.1
PATH=C:\Program Files\Eclipse Adoptium\jdk-21.0.6.7-hotspot\bin;C:\WINDOWS\system32;C:\WINDOWS;C:\WINDOWS\System32\Wbem;C:\WINDOWS\System32\WindowsPowerShell\v1.0\;C:\WINDOWS\System32\OpenSSH\;C:\Program Files\JAVA\jdk-23.0.1\bin\java.exe;C:\Program Files\JAVA\jdk-23.0.1\bin;C:\Program Files\Git\cmd;C:\Gradle\bin;C:\Users\nikki\AppData\Local\Microsoft\WindowsApps;C:\Users\nikki\AppData\Local\GitHubDesktop\bin
USERNAME=nikki
OS=Windows_NT
PROCESSOR_IDENTIFIER=AMD64 Family 25 Model 80 Stepping 0, AuthenticAMD
TMP=C:\Users\nikki\AppData\Local\Temp
TEMP=C:\Users\nikki\AppData\Local\Temp




Periodic native trim disabled

JNI global refs:
JNI global refs: 12, weak refs: 8

JNI global refs memory usage: 835, weak refs: 833

Process memory usage:
Resident Set Size: 259116K (4% of 6139972K total physical memory with 452256K free physical memory)

OOME stack traces (most recent first):
Classloader memory used:
Loader jdk.internal.loader.ClassLoaders$AppClassLoader                                 : 48739K
Loader bootstrap                                                                       : 10822K
Loader java.net.URLClassLoader                                                         : 22160B

---------------  S Y S T E M  ---------------

OS:
 Windows 11 , 64 bit Build 26100 (10.0.26100.3775)
OS uptime: 0 days 21:44 hours
Hyper-V role detected

CPU: total 12 (initial active 12) (12 cores per cpu, 2 threads per core) family 25 model 80 stepping 0 microcode 0xa500011, cx8, cmov, fxsr, ht, mmx, 3dnowpref, sse, sse2, sse3, ssse3, sse4a, sse4.1, sse4.2, popcnt, lzcnt, tsc, tscinvbit, avx, avx2, aes, erms, clmul, bmi1, bmi2, adx, sha, fma, vzeroupper, clflush, clflushopt, hv, rdtscp, rdpid, fsrm, f16c, cet_ss
Processor Information for processor 0
  Max Mhz: 2000, Current Mhz: 1890, Mhz Limit: 2000
Processor Information for processor 1
  Max Mhz: 2000, Current Mhz: 1808, Mhz Limit: 2000
Processor Information for processor 2
  Max Mhz: 2000, Current Mhz: 1808, Mhz Limit: 2000
Processor Information for processor 3
  Max Mhz: 2000, Current Mhz: 1890, Mhz Limit: 2000
Processor Information for processor 4
  Max Mhz: 2000, Current Mhz: 1890, Mhz Limit: 2000
Processor Information for processor 5
  Max Mhz: 2000, Current Mhz: 1808, Mhz Limit: 2000
Processor Information for processor 6
  Max Mhz: 2000, Current Mhz: 1808, Mhz Limit: 2000
Processor Information for processor 7
  Max Mhz: 2000, Current Mhz: 1808, Mhz Limit: 2000
Processor Information for processor 8
  Max Mhz: 2000, Current Mhz: 1808, Mhz Limit: 2000
Processor Information for processor 9
  Max Mhz: 2000, Current Mhz: 1808, Mhz Limit: 2000
Processor Information for processor 10
  Max Mhz: 2000, Current Mhz: 1890, Mhz Limit: 2000
Processor Information for processor 11
  Max Mhz: 2000, Current Mhz: 1890, Mhz Limit: 2000

Memory: 4k page, system-wide physical 5996M (438M free)
TotalPageFile size 24428M (AvailPageFile size 0M)
current process WorkingSet (physical memory assigned to process): 253M, peak: 253M
current process commit charge ("private bytes"): 326M, peak: 328M

vm_info: OpenJDK 64-Bit Server VM (21.0.5+-13047016-b750.29) for windows-amd64 JRE (21.0.5+-13047016-b750.29), built on 2025-02-11T21:12:39Z by "builder" with MS VC++ 16.10 / 16.11 (VS2019)

END.
