#
# There is insufficient memory for the Java Runtime Environment to continue.
# Native memory allocation (malloc) failed to allocate 1353280 bytes. Error detail: Chunk::new
# Possible reasons:
#   The system is out of physical RAM or swap space
#   This process is running with CompressedOops enabled, and the Java Heap may be blocking the growth of the native heap
# Possible solutions:
#   Reduce memory load on the system
#   Increase physical memory or swap space
#   Check if swap backing store is full
#   Decrease Java heap size (-Xmx/-Xms)
#   Decrease number of Java threads
#   Decrease Java thread stack sizes (-Xss)
#   Set larger code cache with -XX:ReservedCodeCacheSize=
#   JVM is running with Unscaled Compressed Oops mode in which the Java heap is
#     placed in the first 4GB address space. The Java Heap base address is the
#     maximum limit for the native heap growth. Please use -XX:HeapBaseMinAddress
#     to set the Java Heap base and to place the Java Heap above 4GB virtual address.
# This output file may be truncated or incomplete.
#
#  Out of Memory Error (arena.cpp:168), pid=23356, tid=14292
#
# JRE version: OpenJDK Runtime Environment (21.0.5) (build 21.0.5+-13047016-b750.29)
# Java VM: OpenJDK 64-Bit Server VM (21.0.5+-13047016-b750.29, mixed mode, tiered, compressed oops, compressed class ptrs, g1 gc, windows-amd64)
# No core dump will be written. Minidumps are not enabled by default on client versions of Windows
#

---------------  S U M M A R Y ------------

Command Line: org.jetbrains.kotlin.cli.jvm.K2JVMCompiler @C:\Users\nikki\AndroidStudioProjects\AdminBlinkitClone\app\build\20250412_4182842531266039485.compiler.options

Host: AMD Ryzen 5 7530U with Radeon Graphics         , 12 cores, 5G,  Windows 11 , 64 bit Build 26100 (10.0.26100.3775)
Time: Sat Apr 12 00:43:00 2025 India Standard Time elapsed time: 18.825391 seconds (0d 0h 0m 18s)

---------------  T H R E A D  ---------------

Current thread (0x000002e2f775a590):  JavaThread "C2 CompilerThread2" daemon [_thread_in_native, id=14292, stack(0x000000ed4ea00000,0x000000ed4eb00000) (1024K)]


Current CompileTask:
C2:18825 13205       4       org.jetbrains.kotlin.fir.backend.generators.Fir2IrLazyFakeOverrideGenerator::computeFakeOverrideKeys$fir2ir (1131 bytes)

Stack: [0x000000ed4ea00000,0x000000ed4eb00000]
Native frames: (J=compiled Java code, j=interpreted, Vv=VM code, C=native code)
V  [jvm.dll+0x6cfb29]
V  [jvm.dll+0x85df93]
V  [jvm.dll+0x8604ee]
V  [jvm.dll+0x860bd3]
V  [jvm.dll+0x27e6b6]
V  [jvm.dll+0xbff6d]
V  [jvm.dll+0xc04a3]
V  [jvm.dll+0x3b5ffb]
V  [jvm.dll+0x1de664]
V  [jvm.dll+0x247db4]
V  [jvm.dll+0x247231]
V  [jvm.dll+0x1c5ee4]
V  [jvm.dll+0x25697c]
V  [jvm.dll+0x254ec6]
V  [jvm.dll+0x3f0ce6]
V  [jvm.dll+0x806368]
V  [jvm.dll+0x6ce3fd]
C  [ucrtbase.dll+0x37b0]
C  [KERNEL32.DLL+0x2e8d7]
C  [ntdll.dll+0xb14fc]


---------------  P R O C E S S  ---------------

Threads class SMR info:
_java_thread_list=0x000002e2826bea70, length=13, elements={
0x000002e2ddf3df20, 0x000002e2f750c330, 0x000002e2f750e9a0, 0x000002e2f750f7a0,
0x000002e2f750fe00, 0x000002e2f7510c00, 0x000002e2f74fa220, 0x000002e2f74f1890,
0x000002e2f7522ef0, 0x000002e2f76c5700, 0x000002e2f76d5280, 0x000002e2823f08f0,
0x000002e2f775a590
}

Java Threads: ( => current thread )
  0x000002e2ddf3df20 JavaThread "main"                              [_thread_in_native, id=24120, stack(0x000000ed4cc00000,0x000000ed4cd00000) (1024K)]
  0x000002e2f750c330 JavaThread "Reference Handler"          daemon [_thread_blocked, id=7984, stack(0x000000ed4d400000,0x000000ed4d500000) (1024K)]
  0x000002e2f750e9a0 JavaThread "Finalizer"                  daemon [_thread_blocked, id=6124, stack(0x000000ed4d500000,0x000000ed4d600000) (1024K)]
  0x000002e2f750f7a0 JavaThread "Signal Dispatcher"          daemon [_thread_blocked, id=22860, stack(0x000000ed4d600000,0x000000ed4d700000) (1024K)]
  0x000002e2f750fe00 JavaThread "Attach Listener"            daemon [_thread_blocked, id=17188, stack(0x000000ed4d700000,0x000000ed4d800000) (1024K)]
  0x000002e2f7510c00 JavaThread "Service Thread"             daemon [_thread_blocked, id=16104, stack(0x000000ed4d800000,0x000000ed4d900000) (1024K)]
  0x000002e2f74fa220 JavaThread "Monitor Deflation Thread"   daemon [_thread_blocked, id=14876, stack(0x000000ed4d900000,0x000000ed4da00000) (1024K)]
  0x000002e2f74f1890 JavaThread "C2 CompilerThread0"         daemon [_thread_blocked, id=13108, stack(0x000000ed4da00000,0x000000ed4db00000) (1024K)]
  0x000002e2f7522ef0 JavaThread "C1 CompilerThread0"         daemon [_thread_blocked, id=132, stack(0x000000ed4db00000,0x000000ed4dc00000) (1024K)]
  0x000002e2f76c5700 JavaThread "Notification Thread"        daemon [_thread_blocked, id=19952, stack(0x000000ed4dc00000,0x000000ed4dd00000) (1024K)]
  0x000002e2f76d5280 JavaThread "Common-Cleaner"             daemon [_thread_blocked, id=11752, stack(0x000000ed4dd00000,0x000000ed4de00000) (1024K)]
  0x000002e2823f08f0 JavaThread "C2 CompilerThread1"         daemon [_thread_blocked, id=13096, stack(0x000000ed4e700000,0x000000ed4e800000) (1024K)]
=>0x000002e2f775a590 JavaThread "C2 CompilerThread2"         daemon [_thread_in_native, id=14292, stack(0x000000ed4ea00000,0x000000ed4eb00000) (1024K)]
Total: 13

Other Threads:
  0x000002e2f733cdb0 VMThread "VM Thread"                           [id=23368, stack(0x000000ed4d300000,0x000000ed4d400000) (1024K)]
  0x000002e2f72dc870 WatcherThread "VM Periodic Task Thread"        [id=10304, stack(0x000000ed4d200000,0x000000ed4d300000) (1024K)]
  0x000002e2e03332c0 WorkerThread "GC Thread#0"                     [id=19096, stack(0x000000ed4cd00000,0x000000ed4ce00000) (1024K)]
  0x000002e2fc5ae450 WorkerThread "GC Thread#1"                     [id=10940, stack(0x000000ed4df00000,0x000000ed4e000000) (1024K)]
  0x000002e2fc5cf300 WorkerThread "GC Thread#2"                     [id=18824, stack(0x000000ed4e000000,0x000000ed4e100000) (1024K)]
  0x000002e2fc5cf6a0 WorkerThread "GC Thread#3"                     [id=11528, stack(0x000000ed4e100000,0x000000ed4e200000) (1024K)]
  0x000002e2fc5cfa40 WorkerThread "GC Thread#4"                     [id=19988, stack(0x000000ed4e200000,0x000000ed4e300000) (1024K)]
  0x000002e2fc5f4e70 WorkerThread "GC Thread#5"                     [id=17696, stack(0x000000ed4e300000,0x000000ed4e400000) (1024K)]
  0x000002e2fc66b530 WorkerThread "GC Thread#6"                     [id=13348, stack(0x000000ed4de00000,0x000000ed4df00000) (1024K)]
  0x000002e2fc66a6b0 WorkerThread "GC Thread#7"                     [id=18912, stack(0x000000ed4e400000,0x000000ed4e500000) (1024K)]
  0x000002e2fc66adf0 WorkerThread "GC Thread#8"                     [id=20412, stack(0x000000ed4e800000,0x000000ed4e900000) (1024K)]
  0x000002e2fce2e320 WorkerThread "GC Thread#9"                     [id=23144, stack(0x000000ed4e900000,0x000000ed4ea00000) (1024K)]
  0x000002e2e0340630 ConcurrentGCThread "G1 Main Marker"            [id=16152, stack(0x000000ed4ce00000,0x000000ed4cf00000) (1024K)]
  0x000002e2e03427e0 WorkerThread "G1 Conc#0"                       [id=24524, stack(0x000000ed4cf00000,0x000000ed4d000000) (1024K)]
  0x000002e2fc66b8d0 WorkerThread "G1 Conc#1"                       [id=19248, stack(0x000000ed4e500000,0x000000ed4e600000) (1024K)]
  0x000002e2fc669f70 WorkerThread "G1 Conc#2"                       [id=17368, stack(0x000000ed4e600000,0x000000ed4e700000) (1024K)]
  0x000002e2e03ae970 ConcurrentGCThread "G1 Refine#0"               [id=752, stack(0x000000ed4d000000,0x000000ed4d100000) (1024K)]
  0x000002e2f71b2160 ConcurrentGCThread "G1 Service"                [id=14340, stack(0x000000ed4d100000,0x000000ed4d200000) (1024K)]
Total: 18

Threads with active compile tasks:
C2 CompilerThread2  18916 13205       4       org.jetbrains.kotlin.fir.backend.generators.Fir2IrLazyFakeOverrideGenerator::computeFakeOverrideKeys$fir2ir (1131 bytes)
Total: 1

VM state: not at safepoint (normal execution)

VM Mutex/Monitor currently owned by a thread: None

Heap address: 0x00000000a2400000, size: 1500 MB, Compressed Oops mode: 32-bit

CDS archive(s) not mapped
Compressed class space mapped at: 0x0000000100000000-0x0000000140000000, reserved size: 1073741824
Narrow klass base: 0x0000000000000000, Narrow klass shift: 3, Narrow klass range: 0x140000000

GC Precious Log:
 CardTable entry size: 512
 Card Set container configuration: InlinePtr #cards 5 size 8 Array Of Cards #cards 12 size 40 Howl #buckets 4 coarsen threshold 1843 Howl Bitmap #cards 512 size 80 coarsen threshold 460 Card regions per heap region 1 cards per card region 2048
 CPUs: 12 total, 12 available
 Memory: 5996M
 Large Page Support: Disabled
 NUMA Support: Disabled
 Compressed Oops: Enabled (32-bit)
 Heap Region Size: 1M
 Heap Min Capacity: 8M
 Heap Initial Capacity: 94M
 Heap Max Capacity: 1500M
 Pre-touch: Disabled
 Parallel Workers: 10
 Concurrent Workers: 3
 Concurrent Refinement Workers: 10
 Periodic GC: Disabled

Heap:
 garbage-first heap   total 165888K, used 115712K [0x00000000a2400000, 0x0000000100000000)
  region size 1024K, 18 young (18432K), 6 survivors (6144K)
 Metaspace       used 91008K, committed 91392K, reserved 1179648K
  class space    used 9551K, committed 9728K, reserved 1048576K

Heap Regions: E=young(eden), S=young(survivor), O=old, HS=humongous(starts), HC=humongous(continues), CS=collection set, F=free, TAMS=top-at-mark-start, PB=parsable bottom
|   0|0x00000000a2400000, 0x00000000a2500000, 0x00000000a2500000|100%|HS|  |TAMS 0x00000000a2400000| PB 0x00000000a2400000| Complete 
|   1|0x00000000a2500000, 0x00000000a2600000, 0x00000000a2600000|100%|HC|  |TAMS 0x00000000a2500000| PB 0x00000000a2500000| Complete 
|   2|0x00000000a2600000, 0x00000000a2700000, 0x00000000a2700000|100%|HC|  |TAMS 0x00000000a2600000| PB 0x00000000a2600000| Complete 
|   3|0x00000000a2700000, 0x00000000a2800000, 0x00000000a2800000|100%| O|  |TAMS 0x00000000a2700000| PB 0x00000000a2700000| Untracked 
|   4|0x00000000a2800000, 0x00000000a2900000, 0x00000000a2900000|100%| O|  |TAMS 0x00000000a2800000| PB 0x00000000a2800000| Untracked 
|   5|0x00000000a2900000, 0x00000000a2a00000, 0x00000000a2a00000|100%| O|  |TAMS 0x00000000a2900000| PB 0x00000000a2900000| Untracked 
|   6|0x00000000a2a00000, 0x00000000a2b00000, 0x00000000a2b00000|100%| O|  |TAMS 0x00000000a2a00000| PB 0x00000000a2a00000| Untracked 
|   7|0x00000000a2b00000, 0x00000000a2c00000, 0x00000000a2c00000|100%| O|  |TAMS 0x00000000a2b00000| PB 0x00000000a2b00000| Untracked 
|   8|0x00000000a2c00000, 0x00000000a2d00000, 0x00000000a2d00000|100%| O|  |TAMS 0x00000000a2c00000| PB 0x00000000a2c00000| Untracked 
|   9|0x00000000a2d00000, 0x00000000a2e00000, 0x00000000a2e00000|100%| O|  |TAMS 0x00000000a2d00000| PB 0x00000000a2d00000| Untracked 
|  10|0x00000000a2e00000, 0x00000000a2f00000, 0x00000000a2f00000|100%| O|  |TAMS 0x00000000a2e00000| PB 0x00000000a2e00000| Untracked 
|  11|0x00000000a2f00000, 0x00000000a3000000, 0x00000000a3000000|100%| O|  |TAMS 0x00000000a2f00000| PB 0x00000000a2f00000| Untracked 
|  12|0x00000000a3000000, 0x00000000a3100000, 0x00000000a3100000|100%| O|  |TAMS 0x00000000a3000000| PB 0x00000000a3000000| Untracked 
|  13|0x00000000a3100000, 0x00000000a3200000, 0x00000000a3200000|100%| O|  |TAMS 0x00000000a3100000| PB 0x00000000a3100000| Untracked 
|  14|0x00000000a3200000, 0x00000000a3300000, 0x00000000a3300000|100%| O|  |TAMS 0x00000000a3200000| PB 0x00000000a3200000| Untracked 
|  15|0x00000000a3300000, 0x00000000a3400000, 0x00000000a3400000|100%| O|  |TAMS 0x00000000a3300000| PB 0x00000000a3300000| Untracked 
|  16|0x00000000a3400000, 0x00000000a3500000, 0x00000000a3500000|100%| O|  |TAMS 0x00000000a3400000| PB 0x00000000a3400000| Untracked 
|  17|0x00000000a3500000, 0x00000000a3600000, 0x00000000a3600000|100%| O|  |TAMS 0x00000000a3500000| PB 0x00000000a3500000| Untracked 
|  18|0x00000000a3600000, 0x00000000a3700000, 0x00000000a3700000|100%| O|  |TAMS 0x00000000a3600000| PB 0x00000000a3600000| Untracked 
|  19|0x00000000a3700000, 0x00000000a3800000, 0x00000000a3800000|100%| O|  |TAMS 0x00000000a3700000| PB 0x00000000a3700000| Untracked 
|  20|0x00000000a3800000, 0x00000000a3900000, 0x00000000a3900000|100%| O|  |TAMS 0x00000000a3800000| PB 0x00000000a3800000| Untracked 
|  21|0x00000000a3900000, 0x00000000a3a00000, 0x00000000a3a00000|100%| O|  |TAMS 0x00000000a3900000| PB 0x00000000a3900000| Untracked 
|  22|0x00000000a3a00000, 0x00000000a3b00000, 0x00000000a3b00000|100%| O|  |TAMS 0x00000000a3a00000| PB 0x00000000a3a00000| Untracked 
|  23|0x00000000a3b00000, 0x00000000a3c00000, 0x00000000a3c00000|100%| O|  |TAMS 0x00000000a3b00000| PB 0x00000000a3b00000| Untracked 
|  24|0x00000000a3c00000, 0x00000000a3d00000, 0x00000000a3d00000|100%| O|  |TAMS 0x00000000a3c00000| PB 0x00000000a3c00000| Untracked 
|  25|0x00000000a3d00000, 0x00000000a3e00000, 0x00000000a3e00000|100%| O|  |TAMS 0x00000000a3d00000| PB 0x00000000a3d00000| Untracked 
|  26|0x00000000a3e00000, 0x00000000a3f00000, 0x00000000a3f00000|100%| O|  |TAMS 0x00000000a3e00000| PB 0x00000000a3e00000| Untracked 
|  27|0x00000000a3f00000, 0x00000000a4000000, 0x00000000a4000000|100%| O|  |TAMS 0x00000000a3f00000| PB 0x00000000a3f00000| Untracked 
|  28|0x00000000a4000000, 0x00000000a4100000, 0x00000000a4100000|100%| O|  |TAMS 0x00000000a4000000| PB 0x00000000a4000000| Untracked 
|  29|0x00000000a4100000, 0x00000000a4200000, 0x00000000a4200000|100%| O|  |TAMS 0x00000000a4100000| PB 0x00000000a4100000| Untracked 
|  30|0x00000000a4200000, 0x00000000a4300000, 0x00000000a4300000|100%| O|  |TAMS 0x00000000a4200000| PB 0x00000000a4200000| Untracked 
|  31|0x00000000a4300000, 0x00000000a4400000, 0x00000000a4400000|100%| O|  |TAMS 0x00000000a4300000| PB 0x00000000a4300000| Untracked 
|  32|0x00000000a4400000, 0x00000000a4500000, 0x00000000a4500000|100%| O|  |TAMS 0x00000000a4400000| PB 0x00000000a4400000| Untracked 
|  33|0x00000000a4500000, 0x00000000a4600000, 0x00000000a4600000|100%| O|  |TAMS 0x00000000a4500000| PB 0x00000000a4500000| Untracked 
|  34|0x00000000a4600000, 0x00000000a4700000, 0x00000000a4700000|100%| O|  |TAMS 0x00000000a4600000| PB 0x00000000a4600000| Untracked 
|  35|0x00000000a4700000, 0x00000000a4800000, 0x00000000a4800000|100%| O|  |TAMS 0x00000000a4700000| PB 0x00000000a4700000| Untracked 
|  36|0x00000000a4800000, 0x00000000a4900000, 0x00000000a4900000|100%| O|  |TAMS 0x00000000a4800000| PB 0x00000000a4800000| Untracked 
|  37|0x00000000a4900000, 0x00000000a4a00000, 0x00000000a4a00000|100%| O|  |TAMS 0x00000000a4900000| PB 0x00000000a4900000| Untracked 
|  38|0x00000000a4a00000, 0x00000000a4b00000, 0x00000000a4b00000|100%| O|  |TAMS 0x00000000a4a00000| PB 0x00000000a4a00000| Untracked 
|  39|0x00000000a4b00000, 0x00000000a4c00000, 0x00000000a4c00000|100%| O|  |TAMS 0x00000000a4b00000| PB 0x00000000a4b00000| Untracked 
|  40|0x00000000a4c00000, 0x00000000a4d00000, 0x00000000a4d00000|100%| O|  |TAMS 0x00000000a4c00000| PB 0x00000000a4c00000| Untracked 
|  41|0x00000000a4d00000, 0x00000000a4e00000, 0x00000000a4e00000|100%| O|  |TAMS 0x00000000a4d00000| PB 0x00000000a4d00000| Untracked 
|  42|0x00000000a4e00000, 0x00000000a4f00000, 0x00000000a4f00000|100%| O|  |TAMS 0x00000000a4e00000| PB 0x00000000a4e00000| Untracked 
|  43|0x00000000a4f00000, 0x00000000a5000000, 0x00000000a5000000|100%| O|  |TAMS 0x00000000a4f00000| PB 0x00000000a4f00000| Untracked 
|  44|0x00000000a5000000, 0x00000000a5100000, 0x00000000a5100000|100%| O|  |TAMS 0x00000000a5000000| PB 0x00000000a5000000| Untracked 
|  45|0x00000000a5100000, 0x00000000a5200000, 0x00000000a5200000|100%| O|  |TAMS 0x00000000a5100000| PB 0x00000000a5100000| Untracked 
|  46|0x00000000a5200000, 0x00000000a5300000, 0x00000000a5300000|100%| O|  |TAMS 0x00000000a5200000| PB 0x00000000a5200000| Untracked 
|  47|0x00000000a5300000, 0x00000000a5400000, 0x00000000a5400000|100%| O|  |TAMS 0x00000000a5300000| PB 0x00000000a5300000| Untracked 
|  48|0x00000000a5400000, 0x00000000a5500000, 0x00000000a5500000|100%| O|  |TAMS 0x00000000a5400000| PB 0x00000000a5400000| Untracked 
|  49|0x00000000a5500000, 0x00000000a5600000, 0x00000000a5600000|100%| O|  |TAMS 0x00000000a5500000| PB 0x00000000a5500000| Untracked 
|  50|0x00000000a5600000, 0x00000000a5700000, 0x00000000a5700000|100%| O|  |TAMS 0x00000000a5600000| PB 0x00000000a5600000| Untracked 
|  51|0x00000000a5700000, 0x00000000a5800000, 0x00000000a5800000|100%| O|  |TAMS 0x00000000a5700000| PB 0x00000000a5700000| Untracked 
|  52|0x00000000a5800000, 0x00000000a5900000, 0x00000000a5900000|100%| O|  |TAMS 0x00000000a5800000| PB 0x00000000a5800000| Untracked 
|  53|0x00000000a5900000, 0x00000000a5a00000, 0x00000000a5a00000|100%| O|  |TAMS 0x00000000a5900000| PB 0x00000000a5900000| Untracked 
|  54|0x00000000a5a00000, 0x00000000a5b00000, 0x00000000a5b00000|100%| O|  |TAMS 0x00000000a5a00000| PB 0x00000000a5a00000| Untracked 
|  55|0x00000000a5b00000, 0x00000000a5c00000, 0x00000000a5c00000|100%| O|  |TAMS 0x00000000a5b00000| PB 0x00000000a5b00000| Untracked 
|  56|0x00000000a5c00000, 0x00000000a5d00000, 0x00000000a5d00000|100%| O|  |TAMS 0x00000000a5c00000| PB 0x00000000a5c00000| Untracked 
|  57|0x00000000a5d00000, 0x00000000a5e00000, 0x00000000a5e00000|100%| O|  |TAMS 0x00000000a5d00000| PB 0x00000000a5d00000| Untracked 
|  58|0x00000000a5e00000, 0x00000000a5f00000, 0x00000000a5f00000|100%| O|  |TAMS 0x00000000a5e00000| PB 0x00000000a5e00000| Untracked 
|  59|0x00000000a5f00000, 0x00000000a6000000, 0x00000000a6000000|100%| O|  |TAMS 0x00000000a5f00000| PB 0x00000000a5f00000| Untracked 
|  60|0x00000000a6000000, 0x00000000a6100000, 0x00000000a6100000|100%| O|  |TAMS 0x00000000a6000000| PB 0x00000000a6000000| Untracked 
|  61|0x00000000a6100000, 0x00000000a6200000, 0x00000000a6200000|100%| O|  |TAMS 0x00000000a6100000| PB 0x00000000a6100000| Untracked 
|  62|0x00000000a6200000, 0x00000000a6300000, 0x00000000a6300000|100%| O|  |TAMS 0x00000000a6200000| PB 0x00000000a6200000| Untracked 
|  63|0x00000000a6300000, 0x00000000a6400000, 0x00000000a6400000|100%| O|  |TAMS 0x00000000a6300000| PB 0x00000000a6300000| Untracked 
|  64|0x00000000a6400000, 0x00000000a6500000, 0x00000000a6500000|100%| O|  |TAMS 0x00000000a6400000| PB 0x00000000a6400000| Untracked 
|  65|0x00000000a6500000, 0x00000000a6600000, 0x00000000a6600000|100%| O|  |TAMS 0x00000000a6500000| PB 0x00000000a6500000| Untracked 
|  66|0x00000000a6600000, 0x00000000a6700000, 0x00000000a6700000|100%| O|  |TAMS 0x00000000a6600000| PB 0x00000000a6600000| Untracked 
|  67|0x00000000a6700000, 0x00000000a6800000, 0x00000000a6800000|100%| O|  |TAMS 0x00000000a6700000| PB 0x00000000a6700000| Untracked 
|  68|0x00000000a6800000, 0x00000000a6900000, 0x00000000a6900000|100%| O|  |TAMS 0x00000000a6800000| PB 0x00000000a6800000| Untracked 
|  69|0x00000000a6900000, 0x00000000a6900000, 0x00000000a6a00000|  0%| F|  |TAMS 0x00000000a6900000| PB 0x00000000a6900000| Untracked 
|  70|0x00000000a6a00000, 0x00000000a6b00000, 0x00000000a6b00000|100%| O|  |TAMS 0x00000000a6a00000| PB 0x00000000a6a00000| Untracked 
|  71|0x00000000a6b00000, 0x00000000a6c00000, 0x00000000a6c00000|100%| O|  |TAMS 0x00000000a6b00000| PB 0x00000000a6b00000| Untracked 
|  72|0x00000000a6c00000, 0x00000000a6d00000, 0x00000000a6d00000|100%| O|  |TAMS 0x00000000a6c00000| PB 0x00000000a6c00000| Untracked 
|  73|0x00000000a6d00000, 0x00000000a6e00000, 0x00000000a6e00000|100%| O|  |TAMS 0x00000000a6d00000| PB 0x00000000a6d00000| Untracked 
|  74|0x00000000a6e00000, 0x00000000a6f00000, 0x00000000a6f00000|100%| O|  |TAMS 0x00000000a6e00000| PB 0x00000000a6e00000| Untracked 
|  75|0x00000000a6f00000, 0x00000000a7000000, 0x00000000a7000000|100%| O|  |TAMS 0x00000000a6f00000| PB 0x00000000a6f00000| Untracked 
|  76|0x00000000a7000000, 0x00000000a7100000, 0x00000000a7100000|100%| O|  |TAMS 0x00000000a7000000| PB 0x00000000a7000000| Untracked 
|  77|0x00000000a7100000, 0x00000000a7200000, 0x00000000a7200000|100%| O|  |TAMS 0x00000000a7100000| PB 0x00000000a7100000| Untracked 
|  78|0x00000000a7200000, 0x00000000a7300000, 0x00000000a7300000|100%| O|  |TAMS 0x00000000a7200000| PB 0x00000000a7200000| Untracked 
|  79|0x00000000a7300000, 0x00000000a7400000, 0x00000000a7400000|100%| O|  |TAMS 0x00000000a7300000| PB 0x00000000a7300000| Untracked 
|  80|0x00000000a7400000, 0x00000000a7500000, 0x00000000a7500000|100%| O|  |TAMS 0x00000000a7400000| PB 0x00000000a7400000| Untracked 
|  81|0x00000000a7500000, 0x00000000a7500000, 0x00000000a7600000|  0%| F|  |TAMS 0x00000000a7500000| PB 0x00000000a7500000| Untracked 
|  82|0x00000000a7600000, 0x00000000a7700000, 0x00000000a7700000|100%| O|  |TAMS 0x00000000a7600000| PB 0x00000000a7600000| Untracked 
|  83|0x00000000a7700000, 0x00000000a7800000, 0x00000000a7800000|100%| O|  |TAMS 0x00000000a7700000| PB 0x00000000a7700000| Untracked 
|  84|0x00000000a7800000, 0x00000000a7900000, 0x00000000a7900000|100%| O|  |TAMS 0x00000000a7800000| PB 0x00000000a7800000| Untracked 
|  85|0x00000000a7900000, 0x00000000a7a00000, 0x00000000a7a00000|100%| O|  |TAMS 0x00000000a7900000| PB 0x00000000a7900000| Untracked 
|  86|0x00000000a7a00000, 0x00000000a7a00000, 0x00000000a7b00000|  0%| F|  |TAMS 0x00000000a7a00000| PB 0x00000000a7a00000| Untracked 
|  87|0x00000000a7b00000, 0x00000000a7c00000, 0x00000000a7c00000|100%| O|  |TAMS 0x00000000a7b00000| PB 0x00000000a7b00000| Untracked 
|  88|0x00000000a7c00000, 0x00000000a7d00000, 0x00000000a7d00000|100%| O|  |TAMS 0x00000000a7c00000| PB 0x00000000a7c00000| Untracked 
|  89|0x00000000a7d00000, 0x00000000a7e00000, 0x00000000a7e00000|100%| O|  |TAMS 0x00000000a7d00000| PB 0x00000000a7d00000| Untracked 
|  90|0x00000000a7e00000, 0x00000000a7f00000, 0x00000000a7f00000|100%| O|  |TAMS 0x00000000a7e00000| PB 0x00000000a7e00000| Untracked 
|  91|0x00000000a7f00000, 0x00000000a8000000, 0x00000000a8000000|100%| O|  |TAMS 0x00000000a7f00000| PB 0x00000000a7f00000| Untracked 
|  92|0x00000000a8000000, 0x00000000a8100000, 0x00000000a8100000|100%| O|  |TAMS 0x00000000a8000000| PB 0x00000000a8000000| Untracked 
|  93|0x00000000a8100000, 0x00000000a8200000, 0x00000000a8200000|100%| O|  |TAMS 0x00000000a8100000| PB 0x00000000a8100000| Untracked 
|  94|0x00000000a8200000, 0x00000000a8300000, 0x00000000a8300000|100%| O|  |TAMS 0x00000000a8200000| PB 0x00000000a8200000| Untracked 
|  95|0x00000000a8300000, 0x00000000a8400000, 0x00000000a8400000|100%| O|  |TAMS 0x00000000a8300000| PB 0x00000000a8300000| Untracked 
|  96|0x00000000a8400000, 0x00000000a8500000, 0x00000000a8500000|100%| O|  |TAMS 0x00000000a8400000| PB 0x00000000a8400000| Untracked 
|  97|0x00000000a8500000, 0x00000000a8600000, 0x00000000a8600000|100%| O|  |TAMS 0x00000000a8500000| PB 0x00000000a8500000| Untracked 
|  98|0x00000000a8600000, 0x00000000a8600000, 0x00000000a8700000|  0%| F|  |TAMS 0x00000000a8600000| PB 0x00000000a8600000| Untracked 
|  99|0x00000000a8700000, 0x00000000a8700000, 0x00000000a8800000|  0%| F|  |TAMS 0x00000000a8700000| PB 0x00000000a8700000| Untracked 
| 100|0x00000000a8800000, 0x00000000a8800000, 0x00000000a8900000|  0%| F|  |TAMS 0x00000000a8800000| PB 0x00000000a8800000| Untracked 
| 101|0x00000000a8900000, 0x00000000a8900000, 0x00000000a8a00000|  0%| F|  |TAMS 0x00000000a8900000| PB 0x00000000a8900000| Untracked 
| 102|0x00000000a8a00000, 0x00000000a8a00000, 0x00000000a8b00000|  0%| F|  |TAMS 0x00000000a8a00000| PB 0x00000000a8a00000| Untracked 
| 103|0x00000000a8b00000, 0x00000000a8b00000, 0x00000000a8c00000|  0%| F|  |TAMS 0x00000000a8b00000| PB 0x00000000a8b00000| Untracked 
| 104|0x00000000a8c00000, 0x00000000a8c00000, 0x00000000a8d00000|  0%| F|  |TAMS 0x00000000a8c00000| PB 0x00000000a8c00000| Untracked 
| 105|0x00000000a8d00000, 0x00000000a8d00000, 0x00000000a8e00000|  0%| F|  |TAMS 0x00000000a8d00000| PB 0x00000000a8d00000| Untracked 
| 106|0x00000000a8e00000, 0x00000000a8e00000, 0x00000000a8f00000|  0%| F|  |TAMS 0x00000000a8e00000| PB 0x00000000a8e00000| Untracked 
| 107|0x00000000a8f00000, 0x00000000a8f00000, 0x00000000a9000000|  0%| F|  |TAMS 0x00000000a8f00000| PB 0x00000000a8f00000| Untracked 
| 108|0x00000000a9000000, 0x00000000a9000000, 0x00000000a9100000|  0%| F|  |TAMS 0x00000000a9000000| PB 0x00000000a9000000| Untracked 
| 109|0x00000000a9100000, 0x00000000a9200000, 0x00000000a9200000|100%| S|CS|TAMS 0x00000000a9100000| PB 0x00000000a9100000| Complete 
| 110|0x00000000a9200000, 0x00000000a9300000, 0x00000000a9300000|100%| S|CS|TAMS 0x00000000a9200000| PB 0x00000000a9200000| Complete 
| 111|0x00000000a9300000, 0x00000000a9400000, 0x00000000a9400000|100%| S|CS|TAMS 0x00000000a9300000| PB 0x00000000a9300000| Complete 
| 112|0x00000000a9400000, 0x00000000a9500000, 0x00000000a9500000|100%| S|CS|TAMS 0x00000000a9400000| PB 0x00000000a9400000| Complete 
| 113|0x00000000a9500000, 0x00000000a9600000, 0x00000000a9600000|100%| S|CS|TAMS 0x00000000a9500000| PB 0x00000000a9500000| Complete 
| 114|0x00000000a9600000, 0x00000000a9700000, 0x00000000a9700000|100%| S|CS|TAMS 0x00000000a9600000| PB 0x00000000a9600000| Complete 
| 115|0x00000000a9700000, 0x00000000a9700000, 0x00000000a9800000|  0%| F|  |TAMS 0x00000000a9700000| PB 0x00000000a9700000| Untracked 
| 116|0x00000000a9800000, 0x00000000a9800000, 0x00000000a9900000|  0%| F|  |TAMS 0x00000000a9800000| PB 0x00000000a9800000| Untracked 
| 117|0x00000000a9900000, 0x00000000a9900000, 0x00000000a9a00000|  0%| F|  |TAMS 0x00000000a9900000| PB 0x00000000a9900000| Untracked 
| 118|0x00000000a9a00000, 0x00000000a9a00000, 0x00000000a9b00000|  0%| F|  |TAMS 0x00000000a9a00000| PB 0x00000000a9a00000| Untracked 
| 119|0x00000000a9b00000, 0x00000000a9b00000, 0x00000000a9c00000|  0%| F|  |TAMS 0x00000000a9b00000| PB 0x00000000a9b00000| Untracked 
| 120|0x00000000a9c00000, 0x00000000a9c00000, 0x00000000a9d00000|  0%| F|  |TAMS 0x00000000a9c00000| PB 0x00000000a9c00000| Untracked 
| 121|0x00000000a9d00000, 0x00000000a9d00000, 0x00000000a9e00000|  0%| F|  |TAMS 0x00000000a9d00000| PB 0x00000000a9d00000| Untracked 
| 122|0x00000000a9e00000, 0x00000000a9e00000, 0x00000000a9f00000|  0%| F|  |TAMS 0x00000000a9e00000| PB 0x00000000a9e00000| Untracked 
| 123|0x00000000a9f00000, 0x00000000a9f00000, 0x00000000aa000000|  0%| F|  |TAMS 0x00000000a9f00000| PB 0x00000000a9f00000| Untracked 
| 124|0x00000000aa000000, 0x00000000aa000000, 0x00000000aa100000|  0%| F|  |TAMS 0x00000000aa000000| PB 0x00000000aa000000| Untracked 
| 125|0x00000000aa100000, 0x00000000aa100000, 0x00000000aa200000|  0%| F|  |TAMS 0x00000000aa100000| PB 0x00000000aa100000| Untracked 
| 126|0x00000000aa200000, 0x00000000aa200000, 0x00000000aa300000|  0%| F|  |TAMS 0x00000000aa200000| PB 0x00000000aa200000| Untracked 
| 127|0x00000000aa300000, 0x00000000aa300000, 0x00000000aa400000|  0%| F|  |TAMS 0x00000000aa300000| PB 0x00000000aa300000| Untracked 
| 128|0x00000000aa400000, 0x00000000aa400000, 0x00000000aa500000|  0%| F|  |TAMS 0x00000000aa400000| PB 0x00000000aa400000| Untracked 
| 129|0x00000000aa500000, 0x00000000aa500000, 0x00000000aa600000|  0%| F|  |TAMS 0x00000000aa500000| PB 0x00000000aa500000| Untracked 
| 130|0x00000000aa600000, 0x00000000aa600000, 0x00000000aa700000|  0%| F|  |TAMS 0x00000000aa600000| PB 0x00000000aa600000| Untracked 
| 131|0x00000000aa700000, 0x00000000aa700000, 0x00000000aa800000|  0%| F|  |TAMS 0x00000000aa700000| PB 0x00000000aa700000| Untracked 
| 132|0x00000000aa800000, 0x00000000aa800000, 0x00000000aa900000|  0%| F|  |TAMS 0x00000000aa800000| PB 0x00000000aa800000| Untracked 
| 133|0x00000000aa900000, 0x00000000aa900000, 0x00000000aaa00000|  0%| F|  |TAMS 0x00000000aa900000| PB 0x00000000aa900000| Untracked 
| 134|0x00000000aaa00000, 0x00000000aaa00000, 0x00000000aab00000|  0%| F|  |TAMS 0x00000000aaa00000| PB 0x00000000aaa00000| Untracked 
| 135|0x00000000aab00000, 0x00000000aab00000, 0x00000000aac00000|  0%| F|  |TAMS 0x00000000aab00000| PB 0x00000000aab00000| Untracked 
| 136|0x00000000aac00000, 0x00000000aac00000, 0x00000000aad00000|  0%| F|  |TAMS 0x00000000aac00000| PB 0x00000000aac00000| Untracked 
| 137|0x00000000aad00000, 0x00000000aad00000, 0x00000000aae00000|  0%| F|  |TAMS 0x00000000aad00000| PB 0x00000000aad00000| Untracked 
| 138|0x00000000aae00000, 0x00000000aae00000, 0x00000000aaf00000|  0%| F|  |TAMS 0x00000000aae00000| PB 0x00000000aae00000| Untracked 
| 139|0x00000000aaf00000, 0x00000000aaf00000, 0x00000000ab000000|  0%| F|  |TAMS 0x00000000aaf00000| PB 0x00000000aaf00000| Untracked 
| 140|0x00000000ab000000, 0x00000000ab000000, 0x00000000ab100000|  0%| F|  |TAMS 0x00000000ab000000| PB 0x00000000ab000000| Untracked 
| 141|0x00000000ab100000, 0x00000000ab100000, 0x00000000ab200000|  0%| F|  |TAMS 0x00000000ab100000| PB 0x00000000ab100000| Untracked 
| 142|0x00000000ab200000, 0x00000000ab200000, 0x00000000ab300000|  0%| F|  |TAMS 0x00000000ab200000| PB 0x00000000ab200000| Untracked 
| 143|0x00000000ab300000, 0x00000000ab300000, 0x00000000ab400000|  0%| F|  |TAMS 0x00000000ab300000| PB 0x00000000ab300000| Untracked 
| 144|0x00000000ab400000, 0x00000000ab400000, 0x00000000ab500000|  0%| F|  |TAMS 0x00000000ab400000| PB 0x00000000ab400000| Untracked 
| 145|0x00000000ab500000, 0x00000000ab500000, 0x00000000ab600000|  0%| F|  |TAMS 0x00000000ab500000| PB 0x00000000ab500000| Untracked 
| 146|0x00000000ab600000, 0x00000000ab600000, 0x00000000ab700000|  0%| F|  |TAMS 0x00000000ab600000| PB 0x00000000ab600000| Untracked 
| 147|0x00000000ab700000, 0x00000000ab700000, 0x00000000ab800000|  0%| F|  |TAMS 0x00000000ab700000| PB 0x00000000ab700000| Untracked 
| 148|0x00000000ab800000, 0x00000000ab800000, 0x00000000ab900000|  0%| F|  |TAMS 0x00000000ab800000| PB 0x00000000ab800000| Untracked 
| 149|0x00000000ab900000, 0x00000000ab980000, 0x00000000aba00000| 50%| E|  |TAMS 0x00000000ab900000| PB 0x00000000ab900000| Complete 
| 150|0x00000000aba00000, 0x00000000abb00000, 0x00000000abb00000|100%| E|CS|TAMS 0x00000000aba00000| PB 0x00000000aba00000| Complete 
| 151|0x00000000abb00000, 0x00000000abc00000, 0x00000000abc00000|100%| E|CS|TAMS 0x00000000abb00000| PB 0x00000000abb00000| Complete 
| 152|0x00000000abc00000, 0x00000000abd00000, 0x00000000abd00000|100%| E|CS|TAMS 0x00000000abc00000| PB 0x00000000abc00000| Complete 
| 153|0x00000000abd00000, 0x00000000abe00000, 0x00000000abe00000|100%| E|CS|TAMS 0x00000000abd00000| PB 0x00000000abd00000| Complete 
| 154|0x00000000abe00000, 0x00000000abf00000, 0x00000000abf00000|100%| E|CS|TAMS 0x00000000abe00000| PB 0x00000000abe00000| Complete 
| 155|0x00000000abf00000, 0x00000000ac000000, 0x00000000ac000000|100%| E|CS|TAMS 0x00000000abf00000| PB 0x00000000abf00000| Complete 
| 156|0x00000000ac000000, 0x00000000ac100000, 0x00000000ac100000|100%| E|CS|TAMS 0x00000000ac000000| PB 0x00000000ac000000| Complete 
| 157|0x00000000ac100000, 0x00000000ac200000, 0x00000000ac200000|100%| E|CS|TAMS 0x00000000ac100000| PB 0x00000000ac100000| Complete 
| 158|0x00000000ac200000, 0x00000000ac300000, 0x00000000ac300000|100%| E|CS|TAMS 0x00000000ac200000| PB 0x00000000ac200000| Complete 
| 159|0x00000000ac300000, 0x00000000ac400000, 0x00000000ac400000|100%| E|CS|TAMS 0x00000000ac300000| PB 0x00000000ac300000| Complete 
| 160|0x00000000ac400000, 0x00000000ac500000, 0x00000000ac500000|100%| E|CS|TAMS 0x00000000ac400000| PB 0x00000000ac400000| Complete 
|1499|0x00000000fff00000, 0x0000000100000000, 0x0000000100000000|100%| O|  |TAMS 0x00000000fff00000| PB 0x00000000fff00000| Untracked 

Card table byte_map: [0x000002e2f2c80000,0x000002e2f2f70000] _byte_map_base: 0x000002e2f276e000

Marking Bits: (CMBitMap*) 0x000002e2e03339c0
 Bits: [0x000002e2f2f70000, 0x000002e2f46e0000)

Polling page: 0x000002e2de210000

Metaspace:

Usage:
  Non-class:     79.55 MB used.
      Class:      9.33 MB used.
       Both:     88.88 MB used.

Virtual space:
  Non-class space:      128.00 MB reserved,      79.75 MB ( 62%) committed,  2 nodes.
      Class space:        1.00 GB reserved,       9.50 MB ( <1%) committed,  1 nodes.
             Both:        1.12 GB reserved,      89.25 MB (  8%) committed. 

Chunk freelists:
   Non-Class:  15.88 MB
       Class:  6.55 MB
        Both:  22.42 MB

MaxMetaspaceSize: unlimited
CompressedClassSpaceSize: 1.00 GB
Initial GC threshold: 21.00 MB
Current GC threshold: 131.50 MB
CDS: off
 - commit_granule_bytes: 65536.
 - commit_granule_words: 8192.
 - virtual_space_node_default_size: 8388608.
 - enlarge_chunks_in_place: 1.
 - use_allocation_guard: 0.


Internal statistics:

num_allocs_failed_limit: 6.
num_arena_births: 452.
num_arena_deaths: 0.
num_vsnodes_births: 3.
num_vsnodes_deaths: 0.
num_space_committed: 1426.
num_space_uncommitted: 0.
num_chunks_returned_to_freelist: 6.
num_chunks_taken_from_freelist: 3355.
num_chunk_merges: 6.
num_chunk_splits: 2773.
num_chunks_enlarged: 2509.
num_inconsistent_stats: 0.

CodeHeap 'non-profiled nmethods': size=120000Kb used=6599Kb max_used=6599Kb free=113401Kb
 bounds [0x000002e2eaf10000, 0x000002e2eb590000, 0x000002e2f2440000]
CodeHeap 'profiled nmethods': size=120000Kb used=38103Kb max_used=38103Kb free=81896Kb
 bounds [0x000002e2e3440000, 0x000002e2e5980000, 0x000002e2ea970000]
CodeHeap 'non-nmethods': size=5760Kb used=1838Kb max_used=1865Kb free=3921Kb
 bounds [0x000002e2ea970000, 0x000002e2eabe0000, 0x000002e2eaf10000]
 total_blobs=12597 nmethods=11767 adapters=730
 compilation: enabled
              stopped_count=0, restarted_count=0
 full_count=0

Compilation events (20 events):
Event: 17.773 Thread 0x000002e2f7522ef0 13408       3       org.jetbrains.kotlin.com.intellij.util.containers.LinkedCustomHashMap::hashKey (22 bytes)
Event: 17.773 Thread 0x000002e2f7522ef0 nmethod 13408 0x000002e2e596ac10 code [0x000002e2e596adc0, 0x000002e2e596b040]
Event: 17.774 Thread 0x000002e2f7522ef0 13409 %     3       org.jetbrains.org.objectweb.asm.ClassReader::readMethod @ 103 (1061 bytes)
Event: 17.780 Thread 0x000002e2f7522ef0 nmethod 13409% 0x000002e2e596b110 code [0x000002e2e596b8c0, 0x000002e2e59702e8]
Event: 17.780 Thread 0x000002e2f7522ef0 13412       1       org.jetbrains.org.objectweb.asm.tree.AbstractInsnNode::getNext (5 bytes)
Event: 17.780 Thread 0x000002e2f7522ef0 nmethod 13412 0x000002e2eb579f90 code [0x000002e2eb57a120, 0x000002e2eb57a1e8]
Event: 17.780 Thread 0x000002e2f7522ef0 13414       1       org.jetbrains.org.objectweb.asm.tree.AbstractInsnNode::getOpcode (5 bytes)
Event: 17.780 Thread 0x000002e2f7522ef0 nmethod 13414 0x000002e2eb57a290 code [0x000002e2eb57a420, 0x000002e2eb57a4e8]
Event: 17.780 Thread 0x000002e2f7522ef0 13413       1       org.jetbrains.kotlin.codegen.optimization.common.InsnSequence::getTo (5 bytes)
Event: 17.780 Thread 0x000002e2f7522ef0 nmethod 13413 0x000002e2eb57a890 code [0x000002e2eb57aa20, 0x000002e2eb57aae8]
Event: 17.780 Thread 0x000002e2f7522ef0 13410       3       org.jetbrains.org.objectweb.asm.tree.AbstractInsnNode::<init> (15 bytes)
Event: 17.780 Thread 0x000002e2f7522ef0 nmethod 13410 0x000002e2e5972110 code [0x000002e2e59722c0, 0x000002e2e5972430]
Event: 17.780 Thread 0x000002e2f7522ef0 13411       3       org.jetbrains.org.objectweb.asm.tree.InsnList::add (62 bytes)
Event: 17.780 Thread 0x000002e2f7522ef0 nmethod 13411 0x000002e2e5972510 code [0x000002e2e59726c0, 0x000002e2e5972a38]
Event: 17.784 Thread 0x000002e2f7522ef0 13420       3       org.jetbrains.kotlin.codegen.optimization.common.InsnSequence$iterator$1::hasNext (23 bytes)
Event: 17.784 Thread 0x000002e2f7522ef0 nmethod 13420 0x000002e2e5972b90 code [0x000002e2e5972d60, 0x000002e2e5973100]
Event: 17.784 Thread 0x000002e2f7522ef0 13421       3       org.jetbrains.kotlin.codegen.optimization.common.InsnSequence$iterator$1::next (5 bytes)
Event: 17.785 Thread 0x000002e2f7522ef0 nmethod 13421 0x000002e2e5973290 code [0x000002e2e5973520, 0x000002e2e5973fc0]
Event: 17.785 Thread 0x000002e2f7522ef0 13422       3       org.jetbrains.kotlin.codegen.optimization.common.InsnSequence$iterator$1::next (26 bytes)
Event: 17.786 Thread 0x000002e2f7522ef0 nmethod 13422 0x000002e2e5974390 code [0x000002e2e5974600, 0x000002e2e5975030]

GC Heap History (20 events):
Event: 8.944 GC heap before
{Heap before GC invocations=20 (full 0):
 garbage-first heap   total 114688K, used 89869K [0x00000000a2400000, 0x0000000100000000)
  region size 1024K, 43 young (44032K), 6 survivors (6144K)
 Metaspace       used 63009K, committed 63296K, reserved 1114112K
  class space    used 7268K, committed 7360K, reserved 1048576K
}
Event: 8.986 GC heap after
{Heap after GC invocations=21 (full 0):
 garbage-first heap   total 114688K, used 59392K [0x00000000a2400000, 0x0000000100000000)
  region size 1024K, 6 young (6144K), 6 survivors (6144K)
 Metaspace       used 63009K, committed 63296K, reserved 1114112K
  class space    used 7268K, committed 7360K, reserved 1048576K
}
Event: 10.041 GC heap before
{Heap before GC invocations=21 (full 0):
 garbage-first heap   total 114688K, used 93184K [0x00000000a2400000, 0x0000000100000000)
  region size 1024K, 39 young (39936K), 6 survivors (6144K)
 Metaspace       used 64540K, committed 64832K, reserved 1114112K
  class space    used 7349K, committed 7488K, reserved 1048576K
}
Event: 10.071 GC heap after
{Heap after GC invocations=22 (full 0):
 garbage-first heap   total 114688K, used 66048K [0x00000000a2400000, 0x0000000100000000)
  region size 1024K, 5 young (5120K), 5 survivors (5120K)
 Metaspace       used 64540K, committed 64832K, reserved 1114112K
  class space    used 7349K, committed 7488K, reserved 1048576K
}
Event: 10.903 GC heap before
{Heap before GC invocations=23 (full 0):
 garbage-first heap   total 114688K, used 95744K [0x00000000a2400000, 0x0000000100000000)
  region size 1024K, 35 young (35840K), 5 survivors (5120K)
 Metaspace       used 65856K, committed 66176K, reserved 1114112K
  class space    used 7415K, committed 7552K, reserved 1048576K
}
Event: 10.938 GC heap after
{Heap after GC invocations=24 (full 0):
 garbage-first heap   total 114688K, used 71168K [0x00000000a2400000, 0x0000000100000000)
  region size 1024K, 5 young (5120K), 5 survivors (5120K)
 Metaspace       used 65856K, committed 66176K, reserved 1114112K
  class space    used 7415K, committed 7552K, reserved 1048576K
}
Event: 12.104 GC heap before
{Heap before GC invocations=24 (full 0):
 garbage-first heap   total 114688K, used 98816K [0x00000000a2400000, 0x0000000100000000)
  region size 1024K, 32 young (32768K), 5 survivors (5120K)
 Metaspace       used 68902K, committed 69312K, reserved 1114112K
  class space    used 7675K, committed 7872K, reserved 1048576K
}
Event: 12.128 GC heap after
{Heap after GC invocations=25 (full 0):
 garbage-first heap   total 114688K, used 74752K [0x00000000a2400000, 0x0000000100000000)
  region size 1024K, 4 young (4096K), 4 survivors (4096K)
 Metaspace       used 68902K, committed 69312K, reserved 1114112K
  class space    used 7675K, committed 7872K, reserved 1048576K
}
Event: 12.501 GC heap before
{Heap before GC invocations=25 (full 0):
 garbage-first heap   total 114688K, used 101376K [0x00000000a2400000, 0x0000000100000000)
  region size 1024K, 30 young (30720K), 4 survivors (4096K)
 Metaspace       used 69150K, committed 69504K, reserved 1114112K
  class space    used 7694K, committed 7872K, reserved 1048576K
}
Event: 12.527 GC heap after
{Heap after GC invocations=26 (full 0):
 garbage-first heap   total 146432K, used 80896K [0x00000000a2400000, 0x0000000100000000)
  region size 1024K, 4 young (4096K), 4 survivors (4096K)
 Metaspace       used 69150K, committed 69504K, reserved 1114112K
  class space    used 7694K, committed 7872K, reserved 1048576K
}
Event: 13.562 GC heap before
{Heap before GC invocations=27 (full 0):
 garbage-first heap   total 146432K, used 122880K [0x00000000a2400000, 0x0000000100000000)
  region size 1024K, 46 young (47104K), 4 survivors (4096K)
 Metaspace       used 74330K, committed 74752K, reserved 1179648K
  class space    used 8182K, committed 8384K, reserved 1048576K
}
Event: 13.580 GC heap after
{Heap after GC invocations=28 (full 0):
 garbage-first heap   total 146432K, used 87341K [0x00000000a2400000, 0x0000000100000000)
  region size 1024K, 6 young (6144K), 6 survivors (6144K)
 Metaspace       used 74330K, committed 74752K, reserved 1179648K
  class space    used 8182K, committed 8384K, reserved 1048576K
}
Event: 14.426 GC heap before
{Heap before GC invocations=28 (full 0):
 garbage-first heap   total 146432K, used 126253K [0x00000000a2400000, 0x0000000100000000)
  region size 1024K, 44 young (45056K), 6 survivors (6144K)
 Metaspace       used 76441K, committed 76800K, reserved 1179648K
  class space    used 8323K, committed 8512K, reserved 1048576K
}
Event: 14.454 GC heap after
{Heap after GC invocations=29 (full 0):
 garbage-first heap   total 146432K, used 94208K [0x00000000a2400000, 0x0000000100000000)
  region size 1024K, 6 young (6144K), 6 survivors (6144K)
 Metaspace       used 76441K, committed 76800K, reserved 1179648K
  class space    used 8323K, committed 8512K, reserved 1048576K
}
Event: 15.205 GC heap before
{Heap before GC invocations=29 (full 0):
 garbage-first heap   total 146432K, used 128000K [0x00000000a2400000, 0x0000000100000000)
  region size 1024K, 39 young (39936K), 6 survivors (6144K)
 Metaspace       used 79895K, committed 80256K, reserved 1179648K
  class space    used 8609K, committed 8768K, reserved 1048576K
}
Event: 15.226 GC heap after
{Heap after GC invocations=30 (full 0):
 garbage-first heap   total 146432K, used 98526K [0x00000000a2400000, 0x0000000100000000)
  region size 1024K, 4 young (4096K), 4 survivors (4096K)
 Metaspace       used 79895K, committed 80256K, reserved 1179648K
  class space    used 8609K, committed 8768K, reserved 1048576K
}
Event: 16.440 GC heap before
{Heap before GC invocations=31 (full 0):
 garbage-first heap   total 165888K, used 130270K [0x00000000a2400000, 0x0000000100000000)
  region size 1024K, 35 young (35840K), 4 survivors (4096K)
 Metaspace       used 86330K, committed 86656K, reserved 1179648K
  class space    used 9177K, committed 9344K, reserved 1048576K
}
Event: 16.452 GC heap after
{Heap after GC invocations=32 (full 0):
 garbage-first heap   total 165888K, used 102742K [0x00000000a2400000, 0x0000000100000000)
  region size 1024K, 4 young (4096K), 4 survivors (4096K)
 Metaspace       used 86330K, committed 86656K, reserved 1179648K
  class space    used 9177K, committed 9344K, reserved 1048576K
}
Event: 17.403 GC heap before
{Heap before GC invocations=32 (full 0):
 garbage-first heap   total 165888K, used 145750K [0x00000000a2400000, 0x0000000100000000)
  region size 1024K, 46 young (47104K), 4 survivors (4096K)
 Metaspace       used 87792K, committed 88192K, reserved 1179648K
  class space    used 9237K, committed 9408K, reserved 1048576K
}
Event: 17.422 GC heap after
{Heap after GC invocations=33 (full 0):
 garbage-first heap   total 165888K, used 104448K [0x00000000a2400000, 0x0000000100000000)
  region size 1024K, 6 young (6144K), 6 survivors (6144K)
 Metaspace       used 87792K, committed 88192K, reserved 1179648K
  class space    used 9237K, committed 9408K, reserved 1048576K
}

Dll operation events (3 events):
Event: 0.018 Loaded shared library C:\Program Files\Android\Android Studio1\jbr\bin\java.dll
Event: 0.029 Loaded shared library C:\Program Files\Android\Android Studio1\jbr\bin\zip.dll
Event: 2.482 Loaded shared library C:\Program Files\Android\Android Studio1\jbr\bin\verify.dll

Deoptimization events (20 events):
Event: 17.591 Thread 0x000002e2ddf3df20 Uncommon trap: trap_request=0xffffffc6 fr.pc=0x000002e2eb531090 relative=0x0000000000001110
Event: 17.591 Thread 0x000002e2ddf3df20 Uncommon trap: reason=bimorphic_or_optimized_type_check action=maybe_recompile pc=0x000002e2eb531090 method=kotlin.collections.CollectionsKt___CollectionsKt.toSet(Ljava/lang/Iterable;)Ljava/util/Set; @ 96 c2
Event: 17.591 Thread 0x000002e2ddf3df20 DEOPT PACKING pc=0x000002e2eb531090 sp=0x000000ed4ccfe790
Event: 17.591 Thread 0x000002e2ddf3df20 DEOPT UNPACKING pc=0x000002e2ea9c46a2 sp=0x000000ed4ccfe768 mode 2
Event: 17.732 Thread 0x000002e2ddf3df20 Uncommon trap: trap_request=0xffffffc6 fr.pc=0x000002e2eb4f0c38 relative=0x0000000000000818
Event: 17.732 Thread 0x000002e2ddf3df20 Uncommon trap: reason=bimorphic_or_optimized_type_check action=maybe_recompile pc=0x000002e2eb4f0c38 method=org.jetbrains.kotlin.ir.types.IrTypePredicatesKt.hasFqNameEqualToSignature(Lorg/jetbrains/kotlin/ir/declarations/IrClass;Lorg/jetbrains/kotlin/ir/u
Event: 17.732 Thread 0x000002e2ddf3df20 DEOPT PACKING pc=0x000002e2eb4f0c38 sp=0x000000ed4ccfca00
Event: 17.732 Thread 0x000002e2ddf3df20 DEOPT UNPACKING pc=0x000002e2ea9c46a2 sp=0x000000ed4ccfc930 mode 2
Event: 17.732 Thread 0x000002e2ddf3df20 Uncommon trap: trap_request=0xffffffc6 fr.pc=0x000002e2eb4f0c38 relative=0x0000000000000818
Event: 17.732 Thread 0x000002e2ddf3df20 Uncommon trap: reason=bimorphic_or_optimized_type_check action=maybe_recompile pc=0x000002e2eb4f0c38 method=org.jetbrains.kotlin.ir.types.IrTypePredicatesKt.hasFqNameEqualToSignature(Lorg/jetbrains/kotlin/ir/declarations/IrClass;Lorg/jetbrains/kotlin/ir/u
Event: 17.732 Thread 0x000002e2ddf3df20 DEOPT PACKING pc=0x000002e2eb4f0c38 sp=0x000000ed4ccfc6f0
Event: 17.732 Thread 0x000002e2ddf3df20 DEOPT UNPACKING pc=0x000002e2ea9c46a2 sp=0x000000ed4ccfc620 mode 2
Event: 17.784 Thread 0x000002e2ddf3df20 Uncommon trap: trap_request=0xffffff45 fr.pc=0x000002e2eb55030c relative=0x000000000000038c
Event: 17.784 Thread 0x000002e2ddf3df20 Uncommon trap: reason=unstable_if action=reinterpret pc=0x000002e2eb55030c method=kotlin.sequences.FilteringSequence$iterator$1.hasNext()Z @ 5 c2
Event: 17.784 Thread 0x000002e2ddf3df20 DEOPT PACKING pc=0x000002e2eb55030c sp=0x000000ed4ccfc890
Event: 17.784 Thread 0x000002e2ddf3df20 DEOPT UNPACKING pc=0x000002e2ea9c46a2 sp=0x000000ed4ccfc858 mode 2
Event: 17.815 Thread 0x000002e2ddf3df20 Uncommon trap: trap_request=0xffffff45 fr.pc=0x000002e2eb206a08 relative=0x0000000000000068
Event: 17.815 Thread 0x000002e2ddf3df20 Uncommon trap: reason=unstable_if action=reinterpret pc=0x000002e2eb206a08 method=org.jetbrains.org.objectweb.asm.MethodVisitor.visitEnd()V @ 4 c2
Event: 17.815 Thread 0x000002e2ddf3df20 DEOPT PACKING pc=0x000002e2eb206a08 sp=0x000000ed4ccfc610
Event: 17.815 Thread 0x000002e2ddf3df20 DEOPT UNPACKING pc=0x000002e2ea9c46a2 sp=0x000000ed4ccfc5b0 mode 2

Classes loaded (20 events):
Event: 17.489 Loading class java/util/Base64
Event: 17.489 Loading class java/util/Base64 done
Event: 17.489 Loading class java/util/Base64$Encoder
Event: 17.489 Loading class java/util/Base64$Encoder done
Event: 17.626 Loading class java/lang/TypeNotPresentException
Event: 17.626 Loading class java/lang/TypeNotPresentException done
Event: 17.697 Loading class java/util/Formatter
Event: 17.697 Loading class java/util/Formatter done
Event: 17.698 Loading class java/util/Formatter$FixedString
Event: 17.698 Loading class java/util/Formatter$FormatString
Event: 17.698 Loading class java/util/Formatter$FormatString done
Event: 17.698 Loading class java/util/Formatter$FixedString done
Event: 17.698 Loading class java/util/Formatter$Conversion
Event: 17.699 Loading class java/util/Formatter$Conversion done
Event: 17.699 Loading class java/util/Formatter$FormatSpecifier
Event: 17.700 Loading class java/util/Formatter$FormatSpecifier done
Event: 17.700 Loading class java/util/Formattable
Event: 17.700 Loading class java/util/Formattable done
Event: 17.700 Loading class java/util/Formatter$Flags
Event: 17.700 Loading class java/util/Formatter$Flags done

Classes unloaded (0 events):
No events

Classes redefined (0 events):
No events

Internal exceptions (20 events):
Event: 13.452 Thread 0x000002e2ddf3df20 Exception <a 'java/lang/NoSuchMethodError'{0x00000000a89087f0}: 'java.lang.Object java.lang.invoke.DirectMethodHandle$Holder.invokeStatic(java.lang.Object, java.lang.Object, int, int)'> (0x00000000a89087f0) 
thrown [s\src\hotspot\share\interpreter\linkResolver.cpp, line 784]
Event: 13.453 Thread 0x000002e2ddf3df20 Exception <a 'java/lang/NoSuchMethodError'{0x00000000a890f268}: 'java.lang.Object java.lang.invoke.DirectMethodHandle$Holder.newInvokeSpecial(java.lang.Object, java.lang.Object, int, int)'> (0x00000000a890f268) 
thrown [s\src\hotspot\share\interpreter\linkResolver.cpp, line 784]
Event: 13.453 Thread 0x000002e2ddf3df20 Exception <a 'java/lang/NoSuchMethodError'{0x00000000a8913280}: 'java.lang.Object java.lang.invoke.DirectMethodHandle$Holder.invokeSpecial(java.lang.Object, java.lang.Object, java.lang.Object, int, int)'> (0x00000000a8913280) 
thrown [s\src\hotspot\share\interpreter\linkResolver.cpp, line 784]
Event: 13.454 Thread 0x000002e2ddf3df20 Exception <a 'java/lang/NoSuchMethodError'{0x00000000a8916bf0}: 'java.lang.Object java.lang.invoke.Invokers$Holder.linkToTargetMethod(java.lang.Object, int, int, java.lang.Object)'> (0x00000000a8916bf0) 
thrown [s\src\hotspot\share\interpreter\linkResolver.cpp, line 784]
Event: 15.316 Thread 0x000002e2ddf3df20 Exception <a 'java/lang/NoSuchMethodError'{0x00000000aaf495b8}: 'java.lang.Object java.lang.invoke.DirectMethodHandle$Holder.newInvokeSpecial(java.lang.Object, int, java.lang.Object, int)'> (0x00000000aaf495b8) 
thrown [s\src\hotspot\share\interpreter\linkResolver.cpp, line 784]
Event: 15.787 Thread 0x000002e2ddf3df20 Exception <a 'java/lang/NoSuchMethodError'{0x00000000ab93c550}: 'java.lang.Object java.lang.invoke.DirectMethodHandle$Holder.newInvokeSpecial(java.lang.Object, java.lang.Object, java.lang.Object, int, int, java.lang.Object)'> (0x00000000ab93c550) 
thrown [s\src\hotspot\share\interpreter\linkResolver.cpp, line 784]
Event: 15.787 Thread 0x000002e2ddf3df20 Exception <a 'java/lang/NoSuchMethodError'{0x00000000ab940820}: 'java.lang.Object java.lang.invoke.DirectMethodHandle$Holder.invokeSpecial(java.lang.Object, java.lang.Object, java.lang.Object, java.lang.Object, int, int, java.lang.Object)'> (0x00000000ab940820) 
thrown [s\src\hotspot\share\interpreter\linkResolver.cpp, line 784]
Event: 15.870 Thread 0x000002e2ddf3df20 Implicit null exception at 0x000002e2eb03ba1a to 0x000002e2eb03bc08
Event: 16.222 Thread 0x000002e2ddf3df20 Exception <a 'java/lang/NoSuchMethodError'{0x00000000aaa18b58}: 'java.lang.Object java.lang.invoke.DirectMethodHandle$Holder.newInvokeSpecial(java.lang.Object, java.lang.Object, int, java.lang.Object)'> (0x00000000aaa18b58) 
thrown [s\src\hotspot\share\interpreter\linkResolver.cpp, line 784]
Event: 16.223 Thread 0x000002e2ddf3df20 Exception <a 'java/lang/NoSuchMethodError'{0x00000000aaa1c958}: 'java.lang.Object java.lang.invoke.DirectMethodHandle$Holder.invokeSpecial(java.lang.Object, java.lang.Object, java.lang.Object, int, java.lang.Object)'> (0x00000000aaa1c958) 
thrown [s\src\hotspot\share\interpreter\linkResolver.cpp, line 784]
Event: 16.223 Thread 0x000002e2ddf3df20 Exception <a 'java/lang/NoSuchMethodError'{0x00000000aaa20328}: 'java.lang.Object java.lang.invoke.Invokers$Holder.linkToTargetMethod(java.lang.Object, int, java.lang.Object, java.lang.Object)'> (0x00000000aaa20328) 
thrown [s\src\hotspot\share\interpreter\linkResolver.cpp, line 784]
Event: 16.264 Thread 0x000002e2ddf3df20 Exception <a 'java/lang/NoSuchMethodError'{0x00000000aa964180}: 'java.lang.Object java.lang.invoke.DirectMethodHandle$Holder.invokeStatic(java.lang.Object, java.lang.Object, java.lang.Object, java.lang.Object, java.lang.Object, java.lang.Object, java.lang.Object, int, java.lang.Object, java.lang.Object)'> (0x00000000aa964180) 
thrown [s\src\hotspot\share\interpreter\linkResolver.cpp, line 784]
Event: 17.057 Thread 0x000002e2ddf3df20 Exception <a 'java/lang/NoSuchMethodError'{0x00000000aa6ba068}: 'java.lang.Object java.lang.invoke.DirectMethodHandle$Holder.newInvokeSpecial(java.lang.Object, java.lang.Object, java.lang.Object, java.lang.Object, java.lang.Object, java.lang.Object, java.lang.Object, java.lang.Object)'> (0x00000000aa6ba068) 
thrown [s\src\hotspot\share\interpreter\linkResolver.cpp, line 784]
Event: 17.433 Thread 0x000002e2ddf3df20 Exception <a 'java/lang/NoSuchMethodError'{0x00000000ac4383f8}: 'java.lang.Object java.lang.invoke.DirectMethodHandle$Holder.invokeStatic(java.lang.Object, java.lang.Object, java.lang.Object, java.lang.Object, int, java.lang.Object)'> (0x00000000ac4383f8) 
thrown [s\src\hotspot\share\interpreter\linkResolver.cpp, line 784]
Event: 17.728 Thread 0x000002e2ddf3df20 Exception <a 'java/lang/NoSuchMethodError'{0x00000000abe6ca38}: 'java.lang.Object java.lang.invoke.DirectMethodHandle$Holder.newInvokeSpecial(java.lang.Object, java.lang.Object, java.lang.Object, java.lang.Object, int, java.lang.Object)'> (0x00000000abe6ca38) 
thrown [s\src\hotspot\share\interpreter\linkResolver.cpp, line 784]
Event: 17.728 Thread 0x000002e2ddf3df20 Exception <a 'java/lang/NoSuchMethodError'{0x00000000abe70db0}: 'java.lang.Object java.lang.invoke.DirectMethodHandle$Holder.invokeSpecial(java.lang.Object, java.lang.Object, java.lang.Object, java.lang.Object, java.lang.Object, int, java.lang.Object)'> (0x00000000abe70db0) 
thrown [s\src\hotspot\share\interpreter\linkResolver.cpp, line 784]
Event: 17.728 Thread 0x000002e2ddf3df20 Exception <a 'java/lang/NoSuchMethodError'{0x00000000abe74988}: 'java.lang.Object java.lang.invoke.Invokers$Holder.linkToTargetMethod(java.lang.Object, java.lang.Object, java.lang.Object, int, java.lang.Object, java.lang.Object)'> (0x00000000abe74988) 
thrown [s\src\hotspot\share\interpreter\linkResolver.cpp, line 784]
Event: 17.781 Thread 0x000002e2ddf3df20 Exception <a 'java/lang/NoSuchMethodError'{0x00000000abc3f170}: 'java.lang.Object java.lang.invoke.DirectMethodHandle$Holder.newInvokeSpecial(java.lang.Object, int, int, java.lang.Object)'> (0x00000000abc3f170) 
thrown [s\src\hotspot\share\interpreter\linkResolver.cpp, line 784]
Event: 17.781 Thread 0x000002e2ddf3df20 Exception <a 'java/lang/NoSuchMethodError'{0x00000000abc43140}: 'java.lang.Object java.lang.invoke.DirectMethodHandle$Holder.invokeSpecial(java.lang.Object, java.lang.Object, int, int, java.lang.Object)'> (0x00000000abc43140) 
thrown [s\src\hotspot\share\interpreter\linkResolver.cpp, line 784]
Event: 17.783 Thread 0x000002e2ddf3df20 Exception <a 'java/lang/NoSuchMethodError'{0x00000000abc4ffb8}: 'java.lang.Object java.lang.invoke.DirectMethodHandle$Holder.invokeStatic(java.lang.Object, java.lang.Object, int, int, java.lang.Object)'> (0x00000000abc4ffb8) 
thrown [s\src\hotspot\share\interpreter\linkResolver.cpp, line 784]

ZGC Phase Switch (0 events):
No events

VM Operations (20 events):
Event: 17.210 Executing VM operation: ICBufferFull
Event: 17.211 Executing VM operation: ICBufferFull done
Event: 17.338 Executing VM operation: ICBufferFull
Event: 17.338 Executing VM operation: ICBufferFull done
Event: 17.403 Executing VM operation: G1CollectForAllocation (G1 Evacuation Pause)
Event: 17.422 Executing VM operation: G1CollectForAllocation (G1 Evacuation Pause) done
Event: 17.440 Executing VM operation: HandshakeAllThreads (Deoptimize)
Event: 17.440 Executing VM operation: HandshakeAllThreads (Deoptimize) done
Event: 17.595 Executing VM operation: HandshakeAllThreads (Deoptimize)
Event: 17.595 Executing VM operation: HandshakeAllThreads (Deoptimize) done
Event: 17.613 Executing VM operation: HandshakeAllThreads (Deoptimize)
Event: 17.613 Executing VM operation: HandshakeAllThreads (Deoptimize) done
Event: 17.629 Executing VM operation: HandshakeAllThreads (Deoptimize)
Event: 17.630 Executing VM operation: HandshakeAllThreads (Deoptimize) done
Event: 17.636 Executing VM operation: HandshakeAllThreads (Deoptimize)
Event: 17.636 Executing VM operation: HandshakeAllThreads (Deoptimize) done
Event: 17.716 Executing VM operation: HandshakeAllThreads (Deoptimize)
Event: 17.716 Executing VM operation: HandshakeAllThreads (Deoptimize) done
Event: 18.728 Executing VM operation: Cleanup
Event: 18.728 Executing VM operation: Cleanup done

Memory protections (0 events):
No events

Nmethod flushes (20 events):
Event: 15.363 Thread 0x000002e2f733cdb0 flushing  nmethod 0x000002e2e4285010
Event: 15.363 Thread 0x000002e2f733cdb0 flushing  nmethod 0x000002e2e4287910
Event: 15.363 Thread 0x000002e2f733cdb0 flushing  nmethod 0x000002e2e42a5910
Event: 15.363 Thread 0x000002e2f733cdb0 flushing  nmethod 0x000002e2e433de10
Event: 15.363 Thread 0x000002e2f733cdb0 flushing  nmethod 0x000002e2e4355490
Event: 15.364 Thread 0x000002e2f733cdb0 flushing  nmethod 0x000002e2e435ab90
Event: 15.364 Thread 0x000002e2f733cdb0 flushing  nmethod 0x000002e2e452f990
Event: 15.364 Thread 0x000002e2f733cdb0 flushing  nmethod 0x000002e2e4786190
Event: 15.364 Thread 0x000002e2f733cdb0 flushing  nmethod 0x000002e2e47ebe10
Event: 15.364 Thread 0x000002e2f733cdb0 flushing  nmethod 0x000002e2e47f0f10
Event: 15.364 Thread 0x000002e2f733cdb0 flushing  nmethod 0x000002e2e47f2710
Event: 15.364 Thread 0x000002e2f733cdb0 flushing  nmethod 0x000002e2e47f2b10
Event: 15.364 Thread 0x000002e2f733cdb0 flushing  nmethod 0x000002e2e47f5610
Event: 15.364 Thread 0x000002e2f733cdb0 flushing  nmethod 0x000002e2e47f6c10
Event: 15.364 Thread 0x000002e2f733cdb0 flushing  nmethod 0x000002e2e4813810
Event: 15.364 Thread 0x000002e2f733cdb0 flushing  nmethod 0x000002e2e4884690
Event: 15.364 Thread 0x000002e2f733cdb0 flushing  nmethod 0x000002e2e4889590
Event: 15.364 Thread 0x000002e2f733cdb0 flushing  nmethod 0x000002e2e4c92210
Event: 15.364 Thread 0x000002e2f733cdb0 flushing  nmethod 0x000002e2e4c93510
Event: 15.364 Thread 0x000002e2f733cdb0 flushing  nmethod 0x000002e2e4c94810

Events (20 events):
Event: 0.113 Thread 0x000002e2ddf3df20 Thread added: 0x000002e2f74f1890
Event: 0.113 Thread 0x000002e2ddf3df20 Thread added: 0x000002e2f7522ef0
Event: 0.190 Thread 0x000002e2ddf3df20 Thread added: 0x000002e2f76c5700
Event: 0.198 Thread 0x000002e2ddf3df20 Thread added: 0x000002e2f76d5280
Event: 0.211 Loaded shared library C:\Program Files\Android\Android Studio1\jbr\bin\net.dll
Event: 0.215 Loaded shared library C:\Program Files\Android\Android Studio1\jbr\bin\nio.dll
Event: 0.249 Thread 0x000002e2f74f1890 Thread added: 0x000002e2f77516b0
Event: 0.265 Loaded shared library C:\Program Files\Android\Android Studio1\jbr\bin\zip.dll
Event: 0.325 Loaded shared library C:\Program Files\Android\Android Studio1\jbr\bin\jimage.dll
Event: 1.423 Thread 0x000002e2f77516b0 Thread exited: 0x000002e2f77516b0
Event: 2.158 Thread 0x000002e2f7522ef0 Thread added: 0x000002e2fcc55950
Event: 2.673 Thread 0x000002e2fcc55950 Thread exited: 0x000002e2fcc55950
Event: 2.783 Thread 0x000002e2f7522ef0 Thread added: 0x000002e2fd2d4590
Event: 3.239 Thread 0x000002e2fd2d4590 Thread exited: 0x000002e2fd2d4590
Event: 3.328 Thread 0x000002e2f7522ef0 Thread added: 0x000002e2fe4b9120
Event: 3.722 Thread 0x000002e2fe4b9120 Thread exited: 0x000002e2fe4b9120
Event: 4.037 Thread 0x000002e2f74f1890 Thread added: 0x000002e2fe2d8b10
Event: 4.186 Thread 0x000002e2fe2d8b10 Thread exited: 0x000002e2fe2d8b10
Event: 10.520 Thread 0x000002e2f7522ef0 Thread added: 0x000002e2823f08f0
Event: 11.417 Thread 0x000002e2f7522ef0 Thread added: 0x000002e2f775a590


Dynamic libraries:
0x00007ff63a160000 - 0x00007ff63a16a000 	C:\Program Files\Android\Android Studio1\jbr\bin\java.exe
0x00007ff8ca3e0000 - 0x00007ff8ca640000 	C:\WINDOWS\SYSTEM32\ntdll.dll
0x00007ff894230000 - 0x00007ff89424a000 	C:\Program Files\Avast Software\Avast\aswhook.dll
0x00007ff8c9c30000 - 0x00007ff8c9cf7000 	C:\WINDOWS\System32\KERNEL32.DLL
0x00007ff8c7830000 - 0x00007ff8c7bfa000 	C:\WINDOWS\System32\KERNELBASE.dll
0x00007ff8c7c00000 - 0x00007ff8c7d4b000 	C:\WINDOWS\System32\ucrtbase.dll
0x00007ff8bb5d0000 - 0x00007ff8bb5eb000 	C:\Program Files\Android\Android Studio1\jbr\bin\VCRUNTIME140.dll
0x00007ff8c3f00000 - 0x00007ff8c3f18000 	C:\Program Files\Android\Android Studio1\jbr\bin\jli.dll
0x00007ff8c9f30000 - 0x00007ff8ca0fc000 	C:\WINDOWS\System32\USER32.dll
0x00007ff8c7800000 - 0x00007ff8c7827000 	C:\WINDOWS\System32\win32u.dll
0x00007ff8a9d80000 - 0x00007ff8aa017000 	C:\WINDOWS\WinSxS\amd64_microsoft.windows.common-controls_6595b64144ccf1df_6.0.26100.3624_none_3e086962e3345f24\COMCTL32.dll
0x00007ff8ca340000 - 0x00007ff8ca36a000 	C:\WINDOWS\System32\GDI32.dll
0x00007ff8c97f0000 - 0x00007ff8c9899000 	C:\WINDOWS\System32\msvcrt.dll
0x00007ff8c7e00000 - 0x00007ff8c7f31000 	C:\WINDOWS\System32\gdi32full.dll
0x00007ff8c7d50000 - 0x00007ff8c7df3000 	C:\WINDOWS\System32\msvcp_win.dll
0x00007ff8c9d10000 - 0x00007ff8c9d3f000 	C:\WINDOWS\System32\IMM32.DLL
0x00007ff8bdc20000 - 0x00007ff8bdc2c000 	C:\Program Files\Android\Android Studio1\jbr\bin\vcruntime140_1.dll
0x00007ff8b92e0000 - 0x00007ff8b936d000 	C:\Program Files\Android\Android Studio1\jbr\bin\msvcp140.dll
0x00007ffff4480000 - 0x00007ffff510a000 	C:\Program Files\Android\Android Studio1\jbr\bin\server\jvm.dll
0x00007ff8ca110000 - 0x00007ff8ca1c2000 	C:\WINDOWS\System32\ADVAPI32.dll
0x00007ff8c9e80000 - 0x00007ff8c9f26000 	C:\WINDOWS\System32\sechost.dll
0x00007ff8ca1d0000 - 0x00007ff8ca2e6000 	C:\WINDOWS\System32\RPCRT4.dll
0x00007ff8c8e50000 - 0x00007ff8c8ec4000 	C:\WINDOWS\System32\WS2_32.dll
0x00007ff8c7410000 - 0x00007ff8c746e000 	C:\WINDOWS\SYSTEM32\POWRPROF.dll
0x00007ff8c4ed0000 - 0x00007ff8c4f06000 	C:\WINDOWS\SYSTEM32\WINMM.dll
0x00007ff8c1040000 - 0x00007ff8c104b000 	C:\WINDOWS\SYSTEM32\VERSION.dll
0x00007ff8c73f0000 - 0x00007ff8c7404000 	C:\WINDOWS\SYSTEM32\UMPDC.dll
0x00007ff8c63d0000 - 0x00007ff8c63ea000 	C:\WINDOWS\SYSTEM32\kernel.appcore.dll
0x00007ff8bcf40000 - 0x00007ff8bcf4a000 	C:\Program Files\Android\Android Studio1\jbr\bin\jimage.dll
0x00007ff8c4c60000 - 0x00007ff8c4ea1000 	C:\WINDOWS\SYSTEM32\DBGHELP.DLL
0x00007ff8c8fd0000 - 0x00007ff8c9352000 	C:\WINDOWS\System32\combase.dll
0x00007ff8c8d10000 - 0x00007ff8c8de6000 	C:\WINDOWS\System32\OLEAUT32.dll
0x00007ff8c4ab0000 - 0x00007ff8c4ae9000 	C:\WINDOWS\SYSTEM32\dbgcore.DLL
0x00007ff8c7f40000 - 0x00007ff8c7fd9000 	C:\WINDOWS\System32\bcryptPrimitives.dll
0x00007ff8bafb0000 - 0x00007ff8bafd0000 	C:\Program Files\Android\Android Studio1\jbr\bin\java.dll
0x00007ff8b9840000 - 0x00007ff8b9858000 	C:\Program Files\Android\Android Studio1\jbr\bin\zip.dll
0x00007ff8c85e0000 - 0x00007ff8c8d09000 	C:\WINDOWS\System32\SHELL32.dll
0x00007ff8c8070000 - 0x00007ff8c81d8000 	C:\WINDOWS\System32\wintypes.dll
0x00007ff8c5250000 - 0x00007ff8c5aa2000 	C:\WINDOWS\SYSTEM32\windows.storage.dll
0x00007ff8c81e0000 - 0x00007ff8c82cd000 	C:\WINDOWS\System32\SHCORE.dll
0x00007ff8c9930000 - 0x00007ff8c9994000 	C:\WINDOWS\System32\shlwapi.dll
0x00007ff8c74d0000 - 0x00007ff8c74ff000 	C:\WINDOWS\SYSTEM32\profapi.dll
0x00007ff8bcb10000 - 0x00007ff8bcb20000 	C:\Program Files\Android\Android Studio1\jbr\bin\net.dll
0x00007ff8be110000 - 0x00007ff8be22d000 	C:\WINDOWS\SYSTEM32\WINHTTP.dll
0x00007ff8c68f0000 - 0x00007ff8c695a000 	C:\WINDOWS\system32\mswsock.dll
0x00007ff8b97f0000 - 0x00007ff8b9806000 	C:\Program Files\Android\Android Studio1\jbr\bin\nio.dll
0x00007ff8b9830000 - 0x00007ff8b9840000 	C:\Program Files\Android\Android Studio1\jbr\bin\verify.dll

dbghelp: loaded successfully - version: 4.0.5 - missing functions: none
symbol engine: initialized successfully - sym options: 0x614 - pdb path: .;C:\Program Files\Android\Android Studio1\jbr\bin;C:\WINDOWS\SYSTEM32;C:\Program Files\Avast Software\Avast;C:\WINDOWS\WinSxS\amd64_microsoft.windows.common-controls_6595b64144ccf1df_6.0.26100.3624_none_3e086962e3345f24;C:\Program Files\Android\Android Studio1\jbr\bin\server

VM Arguments:
java_command: org.jetbrains.kotlin.cli.jvm.K2JVMCompiler @C:\Users\nikki\AndroidStudioProjects\AdminBlinkitClone\app\build\20250412_4182842531266039485.compiler.options
java_class_path (initial): C:\Users\nikki\.gradle\caches\modules-2\files-2.1\org.jetbrains.kotlin\kotlin-compiler-embeddable\2.0.21\79346ed53db48b18312a472602eb5c057070c54d\kotlin-compiler-embeddable-2.0.21.jar;C:\Users\nikki\.gradle\caches\modules-2\files-2.1\org.jetbrains.kotlin\kotlin-stdlib\2.0.21\618b539767b4899b4660a83006e052b63f1db551\kotlin-stdlib-2.0.21.jar;C:\Users\nikki\.gradle\caches\modules-2\files-2.1\org.jetbrains.kotlin\kotlin-script-runtime\2.0.21\c9b044380ad41f89aa89aa896c2d32a8c0b2129d\kotlin-script-runtime-2.0.21.jar;C:\Users\nikki\.gradle\caches\modules-2\files-2.1\org.jetbrains.kotlin\kotlin-reflect\1.6.10\1cbe9c92c12a94eea200d23c2bbaedaf3daf5132\kotlin-reflect-1.6.10.jar;C:\Users\nikki\.gradle\caches\modules-2\files-2.1\org.jetbrains.kotlin\kotlin-daemon-embeddable\2.0.21\c9e933b23287de9b5a17e2116b4657bb91aea72c\kotlin-daemon-embeddable-2.0.21.jar;C:\Users\nikki\.gradle\caches\modules-2\files-2.1\org.jetbrains.intellij.deps\trove4j\1.0.20200330\3afb14d5f9ceb459d724e907a21145e8ff394f02\trove4j-1.0.20200330.jar;C:\Users\nikki\.gradle\caches\modules-2\files-2.1\org.jetbrains.kotlinx\kotlinx-coroutines-core-jvm\1.6.4\2c997cd1c0ef33f3e751d3831929aeff1390cb30\kotlinx-coroutines-core-jvm-1.6.4.jar;C:\Users\nikki\.gradle\caches\modules-2\files-2.1\org.jetbrains\annotations\13.0\919f0dfe192fb4e063e7dacadee7f8bb9a2672a9\annotations-13.0.jar
Launcher Type: SUN_STANDARD

[Global flags]
     intx CICompilerCount                          = 4                                         {product} {ergonomic}
     uint ConcGCThreads                            = 3                                         {product} {ergonomic}
     uint G1ConcRefinementThreads                  = 10                                        {product} {ergonomic}
   size_t G1HeapRegionSize                         = 1048576                                   {product} {ergonomic}
    uintx GCDrainStackTargetSize                   = 64                                        {product} {ergonomic}
   size_t InitialHeapSize                          = 98566144                                  {product} {ergonomic}
   size_t MarkStackSize                            = 4194304                                   {product} {ergonomic}
   size_t MaxHeapSize                              = 1572864000                                {product} {ergonomic}
   size_t MaxNewSize                               = 943718400                                 {product} {ergonomic}
   size_t MinHeapDeltaBytes                        = 1048576                                   {product} {ergonomic}
   size_t MinHeapSize                              = 8388608                                   {product} {ergonomic}
    uintx NonNMethodCodeHeapSize                   = 5839372                                {pd product} {ergonomic}
    uintx NonProfiledCodeHeapSize                  = 122909434                              {pd product} {ergonomic}
    uintx ProfiledCodeHeapSize                     = 122909434                              {pd product} {ergonomic}
    uintx ReservedCodeCacheSize                    = 251658240                              {pd product} {ergonomic}
     bool SegmentedCodeCache                       = true                                      {product} {ergonomic}
   size_t SoftMaxHeapSize                          = 1572864000                             {manageable} {ergonomic}
     bool UseCompressedOops                        = true                           {product lp64_product} {ergonomic}
     bool UseG1GC                                  = true                                      {product} {ergonomic}
     bool UseLargePagesIndividualAllocation        = false                                  {pd product} {ergonomic}

Logging:
Log output configuration:
 #0: stdout all=warning uptime,level,tags foldmultilines=false
 #1: stderr all=off uptime,level,tags foldmultilines=false

Environment Variables:
JAVA_HOME=C:\Program Files\JAVA\jdk-23.0.1
PATH=C:\Program Files\Eclipse Adoptium\jdk-21.0.6.7-hotspot\bin;C:\WINDOWS\system32;C:\WINDOWS;C:\WINDOWS\System32\Wbem;C:\WINDOWS\System32\WindowsPowerShell\v1.0\;C:\WINDOWS\System32\OpenSSH\;C:\Program Files\JAVA\jdk-23.0.1\bin\java.exe;C:\Program Files\JAVA\jdk-23.0.1\bin;C:\Program Files\Git\cmd;C:\Gradle\bin;C:\Users\nikki\AppData\Local\Microsoft\WindowsApps;C:\Users\nikki\AppData\Local\GitHubDesktop\bin
USERNAME=nikki
OS=Windows_NT
PROCESSOR_IDENTIFIER=AMD64 Family 25 Model 80 Stepping 0, AuthenticAMD
TMP=C:\Users\nikki\AppData\Local\Temp
TEMP=C:\Users\nikki\AppData\Local\Temp




Periodic native trim disabled

JNI global refs:
JNI global refs: 11, weak refs: 0

JNI global refs memory usage: 835, weak refs: 833

Process memory usage:
Resident Set Size: 424908K (6% of 6139972K total physical memory with 1220732K free physical memory)

OOME stack traces (most recent first):
Classloader memory used:
Loader jdk.internal.loader.ClassLoaders$AppClassLoader                                 : 79284K
Loader bootstrap                                                                       : 11861K
Loader java.net.URLClassLoader                                                         : 22160B

---------------  S Y S T E M  ---------------

OS:
 Windows 11 , 64 bit Build 26100 (10.0.26100.3775)
OS uptime: 2 days 2:33 hours
Hyper-V role detected

CPU: total 12 (initial active 12) (12 cores per cpu, 2 threads per core) family 25 model 80 stepping 0 microcode 0xa500011, cx8, cmov, fxsr, ht, mmx, 3dnowpref, sse, sse2, sse3, ssse3, sse4a, sse4.1, sse4.2, popcnt, lzcnt, tsc, tscinvbit, avx, avx2, aes, erms, clmul, bmi1, bmi2, adx, sha, fma, vzeroupper, clflush, clflushopt, hv, rdtscp, rdpid, fsrm, f16c, cet_ss
Processor Information for processor 0
  Max Mhz: 2000, Current Mhz: 1890, Mhz Limit: 2000
Processor Information for processor 1
  Max Mhz: 2000, Current Mhz: 1808, Mhz Limit: 2000
Processor Information for processor 2
  Max Mhz: 2000, Current Mhz: 1890, Mhz Limit: 2000
Processor Information for processor 3
  Max Mhz: 2000, Current Mhz: 1808, Mhz Limit: 2000
Processor Information for processor 4
  Max Mhz: 2000, Current Mhz: 1890, Mhz Limit: 2000
Processor Information for processor 5
  Max Mhz: 2000, Current Mhz: 1808, Mhz Limit: 2000
Processor Information for processor 6
  Max Mhz: 2000, Current Mhz: 1808, Mhz Limit: 2000
Processor Information for processor 7
  Max Mhz: 2000, Current Mhz: 1808, Mhz Limit: 2000
Processor Information for processor 8
  Max Mhz: 2000, Current Mhz: 1808, Mhz Limit: 2000
Processor Information for processor 9
  Max Mhz: 2000, Current Mhz: 1808, Mhz Limit: 2000
Processor Information for processor 10
  Max Mhz: 2000, Current Mhz: 1890, Mhz Limit: 2000
Processor Information for processor 11
  Max Mhz: 2000, Current Mhz: 1890, Mhz Limit: 2000

Memory: 4k page, system-wide physical 5996M (1229M free)
TotalPageFile size 24428M (AvailPageFile size 8M)
current process WorkingSet (physical memory assigned to process): 415M, peak: 415M
current process commit charge ("private bytes"): 469M, peak: 470M

vm_info: OpenJDK 64-Bit Server VM (21.0.5+-13047016-b750.29) for windows-amd64 JRE (21.0.5+-13047016-b750.29), built on 2025-02-11T21:12:39Z by "builder" with MS VC++ 16.10 / 16.11 (VS2019)

END.
